{"no-map/AccountController": {"fnMap":{},"branchMap":{},"path":"no-map/AccountController","f":{},"b":{},"s":{"60":0,"61":1,"62":1,"63":0,"64":0,"65":1,"66":1,"67":1,"68":1,"69":1,"70":1,"71":1,"72":1,"73":1,"74":1,"75":1,"76":1,"77":1,"78":1},"statementMap":{"60":{"start":{"line":60,"column":0},"end":{"line":60,"column":0}},"61":{"start":{"line":61,"column":0},"end":{"line":61,"column":0}},"62":{"start":{"line":62,"column":0},"end":{"line":62,"column":0}},"63":{"start":{"line":63,"column":0},"end":{"line":63,"column":0}},"64":{"start":{"line":64,"column":0},"end":{"line":64,"column":0}},"65":{"start":{"line":65,"column":0},"end":{"line":65,"column":0}},"66":{"start":{"line":66,"column":0},"end":{"line":66,"column":0}},"67":{"start":{"line":67,"column":0},"end":{"line":67,"column":0}},"68":{"start":{"line":68,"column":0},"end":{"line":68,"column":0}},"69":{"start":{"line":69,"column":0},"end":{"line":69,"column":0}},"70":{"start":{"line":70,"column":0},"end":{"line":70,"column":0}},"71":{"start":{"line":71,"column":0},"end":{"line":71,"column":0}},"72":{"start":{"line":72,"column":0},"end":{"line":72,"column":0}},"73":{"start":{"line":73,"column":0},"end":{"line":73,"column":0}},"74":{"start":{"line":74,"column":0},"end":{"line":74,"column":0}},"75":{"start":{"line":75,"column":0},"end":{"line":75,"column":0}},"76":{"start":{"line":76,"column":0},"end":{"line":76,"column":0}},"77":{"start":{"line":77,"column":0},"end":{"line":77,"column":0}},"78":{"start":{"line":78,"column":0},"end":{"line":78,"column":0}}}}
,"no-map/ChangePasswordController": {"fnMap":{},"branchMap":{},"path":"no-map/ChangePasswordController","f":{},"b":{},"s":{"1":1,"2":1,"3":1,"4":1,"5":1,"6":1},"statementMap":{"1":{"start":{"line":1,"column":0},"end":{"line":1,"column":0}},"2":{"start":{"line":2,"column":0},"end":{"line":2,"column":0}},"3":{"start":{"line":3,"column":0},"end":{"line":3,"column":0}},"4":{"start":{"line":4,"column":0},"end":{"line":4,"column":0}},"5":{"start":{"line":5,"column":0},"end":{"line":5,"column":0}},"6":{"start":{"line":6,"column":0},"end":{"line":6,"column":0}}}}
,"no-map/CharacterEquipmentSummaryObject": {"fnMap":{},"branchMap":{},"path":"no-map/CharacterEquipmentSummaryObject","f":{},"b":{},"s":{"1":1,"2":1,"3":1,"4":1,"5":1,"6":1,"7":1,"8":1,"9":1,"10":1,"11":1,"12":1,"13":1,"14":1,"15":1,"16":1,"17":1,"18":1,"19":1,"20":1,"21":1,"22":1,"23":1,"24":1,"25":1,"26":1,"27":1,"28":1,"29":1,"30":1,"31":1,"32":1,"33":1,"34":1,"35":1,"36":1,"37":1,"38":1,"39":1,"40":1,"41":1,"42":1,"43":1,"44":1,"45":1,"46":1,"47":1,"48":1,"49":1,"50":1,"51":1,"52":1,"53":1,"54":1,"55":1,"56":1,"57":1,"58":1,"59":1,"60":1,"61":1,"62":1,"63":1,"64":1,"65":1,"66":1,"67":1,"68":1,"69":1,"70":1,"71":1,"72":1,"73":1,"74":1,"75":1,"76":1,"77":1,"78":1,"79":1,"80":1,"81":1,"82":1,"83":1,"84":1,"85":1,"86":1,"87":1,"88":1,"89":1,"90":1,"91":1,"92":1,"93":1,"94":1,"95":1,"96":1,"97":1,"98":1,"99":1,"100":1,"101":1,"102":1,"103":1,"104":1,"105":1,"106":1,"107":1},"statementMap":{"1":{"start":{"line":1,"column":0},"end":{"line":1,"column":0}},"2":{"start":{"line":2,"column":0},"end":{"line":2,"column":0}},"3":{"start":{"line":3,"column":0},"end":{"line":3,"column":0}},"4":{"start":{"line":4,"column":0},"end":{"line":4,"column":0}},"5":{"start":{"line":5,"column":0},"end":{"line":5,"column":0}},"6":{"start":{"line":6,"column":0},"end":{"line":6,"column":0}},"7":{"start":{"line":7,"column":0},"end":{"line":7,"column":0}},"8":{"start":{"line":8,"column":0},"end":{"line":8,"column":0}},"9":{"start":{"line":9,"column":0},"end":{"line":9,"column":0}},"10":{"start":{"line":10,"column":0},"end":{"line":10,"column":0}},"11":{"start":{"line":11,"column":0},"end":{"line":11,"column":0}},"12":{"start":{"line":12,"column":0},"end":{"line":12,"column":0}},"13":{"start":{"line":13,"column":0},"end":{"line":13,"column":0}},"14":{"start":{"line":14,"column":0},"end":{"line":14,"column":0}},"15":{"start":{"line":15,"column":0},"end":{"line":15,"column":0}},"16":{"start":{"line":16,"column":0},"end":{"line":16,"column":0}},"17":{"start":{"line":17,"column":0},"end":{"line":17,"column":0}},"18":{"start":{"line":18,"column":0},"end":{"line":18,"column":0}},"19":{"start":{"line":19,"column":0},"end":{"line":19,"column":0}},"20":{"start":{"line":20,"column":0},"end":{"line":20,"column":0}},"21":{"start":{"line":21,"column":0},"end":{"line":21,"column":0}},"22":{"start":{"line":22,"column":0},"end":{"line":22,"column":0}},"23":{"start":{"line":23,"column":0},"end":{"line":23,"column":0}},"24":{"start":{"line":24,"column":0},"end":{"line":24,"column":0}},"25":{"start":{"line":25,"column":0},"end":{"line":25,"column":0}},"26":{"start":{"line":26,"column":0},"end":{"line":26,"column":0}},"27":{"start":{"line":27,"column":0},"end":{"line":27,"column":0}},"28":{"start":{"line":28,"column":0},"end":{"line":28,"column":0}},"29":{"start":{"line":29,"column":0},"end":{"line":29,"column":0}},"30":{"start":{"line":30,"column":0},"end":{"line":30,"column":0}},"31":{"start":{"line":31,"column":0},"end":{"line":31,"column":0}},"32":{"start":{"line":32,"column":0},"end":{"line":32,"column":0}},"33":{"start":{"line":33,"column":0},"end":{"line":33,"column":0}},"34":{"start":{"line":34,"column":0},"end":{"line":34,"column":0}},"35":{"start":{"line":35,"column":0},"end":{"line":35,"column":0}},"36":{"start":{"line":36,"column":0},"end":{"line":36,"column":0}},"37":{"start":{"line":37,"column":0},"end":{"line":37,"column":0}},"38":{"start":{"line":38,"column":0},"end":{"line":38,"column":0}},"39":{"start":{"line":39,"column":0},"end":{"line":39,"column":0}},"40":{"start":{"line":40,"column":0},"end":{"line":40,"column":0}},"41":{"start":{"line":41,"column":0},"end":{"line":41,"column":0}},"42":{"start":{"line":42,"column":0},"end":{"line":42,"column":0}},"43":{"start":{"line":43,"column":0},"end":{"line":43,"column":0}},"44":{"start":{"line":44,"column":0},"end":{"line":44,"column":0}},"45":{"start":{"line":45,"column":0},"end":{"line":45,"column":0}},"46":{"start":{"line":46,"column":0},"end":{"line":46,"column":0}},"47":{"start":{"line":47,"column":0},"end":{"line":47,"column":0}},"48":{"start":{"line":48,"column":0},"end":{"line":48,"column":0}},"49":{"start":{"line":49,"column":0},"end":{"line":49,"column":0}},"50":{"start":{"line":50,"column":0},"end":{"line":50,"column":0}},"51":{"start":{"line":51,"column":0},"end":{"line":51,"column":0}},"52":{"start":{"line":52,"column":0},"end":{"line":52,"column":0}},"53":{"start":{"line":53,"column":0},"end":{"line":53,"column":0}},"54":{"start":{"line":54,"column":0},"end":{"line":54,"column":0}},"55":{"start":{"line":55,"column":0},"end":{"line":55,"column":0}},"56":{"start":{"line":56,"column":0},"end":{"line":56,"column":0}},"57":{"start":{"line":57,"column":0},"end":{"line":57,"column":0}},"58":{"start":{"line":58,"column":0},"end":{"line":58,"column":0}},"59":{"start":{"line":59,"column":0},"end":{"line":59,"column":0}},"60":{"start":{"line":60,"column":0},"end":{"line":60,"column":0}},"61":{"start":{"line":61,"column":0},"end":{"line":61,"column":0}},"62":{"start":{"line":62,"column":0},"end":{"line":62,"column":0}},"63":{"start":{"line":63,"column":0},"end":{"line":63,"column":0}},"64":{"start":{"line":64,"column":0},"end":{"line":64,"column":0}},"65":{"start":{"line":65,"column":0},"end":{"line":65,"column":0}},"66":{"start":{"line":66,"column":0},"end":{"line":66,"column":0}},"67":{"start":{"line":67,"column":0},"end":{"line":67,"column":0}},"68":{"start":{"line":68,"column":0},"end":{"line":68,"column":0}},"69":{"start":{"line":69,"column":0},"end":{"line":69,"column":0}},"70":{"start":{"line":70,"column":0},"end":{"line":70,"column":0}},"71":{"start":{"line":71,"column":0},"end":{"line":71,"column":0}},"72":{"start":{"line":72,"column":0},"end":{"line":72,"column":0}},"73":{"start":{"line":73,"column":0},"end":{"line":73,"column":0}},"74":{"start":{"line":74,"column":0},"end":{"line":74,"column":0}},"75":{"start":{"line":75,"column":0},"end":{"line":75,"column":0}},"76":{"start":{"line":76,"column":0},"end":{"line":76,"column":0}},"77":{"start":{"line":77,"column":0},"end":{"line":77,"column":0}},"78":{"start":{"line":78,"column":0},"end":{"line":78,"column":0}},"79":{"start":{"line":79,"column":0},"end":{"line":79,"column":0}},"80":{"start":{"line":80,"column":0},"end":{"line":80,"column":0}},"81":{"start":{"line":81,"column":0},"end":{"line":81,"column":0}},"82":{"start":{"line":82,"column":0},"end":{"line":82,"column":0}},"83":{"start":{"line":83,"column":0},"end":{"line":83,"column":0}},"84":{"start":{"line":84,"column":0},"end":{"line":84,"column":0}},"85":{"start":{"line":85,"column":0},"end":{"line":85,"column":0}},"86":{"start":{"line":86,"column":0},"end":{"line":86,"column":0}},"87":{"start":{"line":87,"column":0},"end":{"line":87,"column":0}},"88":{"start":{"line":88,"column":0},"end":{"line":88,"column":0}},"89":{"start":{"line":89,"column":0},"end":{"line":89,"column":0}},"90":{"start":{"line":90,"column":0},"end":{"line":90,"column":0}},"91":{"start":{"line":91,"column":0},"end":{"line":91,"column":0}},"92":{"start":{"line":92,"column":0},"end":{"line":92,"column":0}},"93":{"start":{"line":93,"column":0},"end":{"line":93,"column":0}},"94":{"start":{"line":94,"column":0},"end":{"line":94,"column":0}},"95":{"start":{"line":95,"column":0},"end":{"line":95,"column":0}},"96":{"start":{"line":96,"column":0},"end":{"line":96,"column":0}},"97":{"start":{"line":97,"column":0},"end":{"line":97,"column":0}},"98":{"start":{"line":98,"column":0},"end":{"line":98,"column":0}},"99":{"start":{"line":99,"column":0},"end":{"line":99,"column":0}},"100":{"start":{"line":100,"column":0},"end":{"line":100,"column":0}},"101":{"start":{"line":101,"column":0},"end":{"line":101,"column":0}},"102":{"start":{"line":102,"column":0},"end":{"line":102,"column":0}},"103":{"start":{"line":103,"column":0},"end":{"line":103,"column":0}},"104":{"start":{"line":104,"column":0},"end":{"line":104,"column":0}},"105":{"start":{"line":105,"column":0},"end":{"line":105,"column":0}},"106":{"start":{"line":106,"column":0},"end":{"line":106,"column":0}},"107":{"start":{"line":107,"column":0},"end":{"line":107,"column":0}}}}
,"no-map/CharacterMediaSummaryObject": {"fnMap":{},"branchMap":{},"path":"no-map/CharacterMediaSummaryObject","f":{},"b":{},"s":{"1":1,"2":1,"3":1,"4":1,"5":1,"6":1,"7":1,"8":1,"9":1,"10":1,"11":1,"12":1,"13":1,"14":1,"15":1,"16":1},"statementMap":{"1":{"start":{"line":1,"column":0},"end":{"line":1,"column":0}},"2":{"start":{"line":2,"column":0},"end":{"line":2,"column":0}},"3":{"start":{"line":3,"column":0},"end":{"line":3,"column":0}},"4":{"start":{"line":4,"column":0},"end":{"line":4,"column":0}},"5":{"start":{"line":5,"column":0},"end":{"line":5,"column":0}},"6":{"start":{"line":6,"column":0},"end":{"line":6,"column":0}},"7":{"start":{"line":7,"column":0},"end":{"line":7,"column":0}},"8":{"start":{"line":8,"column":0},"end":{"line":8,"column":0}},"9":{"start":{"line":9,"column":0},"end":{"line":9,"column":0}},"10":{"start":{"line":10,"column":0},"end":{"line":10,"column":0}},"11":{"start":{"line":11,"column":0},"end":{"line":11,"column":0}},"12":{"start":{"line":12,"column":0},"end":{"line":12,"column":0}},"13":{"start":{"line":13,"column":0},"end":{"line":13,"column":0}},"14":{"start":{"line":14,"column":0},"end":{"line":14,"column":0}},"15":{"start":{"line":15,"column":0},"end":{"line":15,"column":0}},"16":{"start":{"line":16,"column":0},"end":{"line":16,"column":0}}}}
,"no-map/CharacterProfileSummaryObject": {"fnMap":{},"branchMap":{},"path":"no-map/CharacterProfileSummaryObject","f":{},"b":{},"s":{"1":1,"2":1,"3":1,"4":1,"5":1,"6":1,"7":1,"8":1,"9":1,"10":1,"11":1,"12":1,"13":1,"14":1,"15":1,"16":1,"17":1,"18":1,"19":1,"20":1,"21":1,"22":1,"23":1,"24":1,"25":1,"26":1,"27":1,"28":1,"29":1,"30":1,"31":1,"32":1,"33":1,"34":1,"35":1,"36":1,"37":1,"38":1,"39":1,"40":1,"41":1,"42":1,"43":1,"44":1,"45":1,"46":1,"47":1,"48":1,"49":1,"50":1,"51":1,"52":1,"53":1,"54":1,"55":1,"56":1,"57":1,"58":1,"59":1,"60":1,"61":1,"62":1,"63":1,"64":1,"65":1,"66":1,"67":1,"68":1,"69":1,"70":1,"71":1,"72":1,"73":1,"74":1,"75":1,"76":1,"77":1,"78":1,"79":1,"80":1,"81":1,"82":1,"83":1,"84":1,"85":1,"86":1,"87":1,"88":1,"89":1,"90":1,"91":1,"92":1,"93":1,"94":1,"95":1,"96":1,"97":1,"98":1,"99":1,"100":1,"101":1,"102":1,"103":1,"104":1,"105":1,"106":1,"107":1,"108":1,"109":1},"statementMap":{"1":{"start":{"line":1,"column":0},"end":{"line":1,"column":0}},"2":{"start":{"line":2,"column":0},"end":{"line":2,"column":0}},"3":{"start":{"line":3,"column":0},"end":{"line":3,"column":0}},"4":{"start":{"line":4,"column":0},"end":{"line":4,"column":0}},"5":{"start":{"line":5,"column":0},"end":{"line":5,"column":0}},"6":{"start":{"line":6,"column":0},"end":{"line":6,"column":0}},"7":{"start":{"line":7,"column":0},"end":{"line":7,"column":0}},"8":{"start":{"line":8,"column":0},"end":{"line":8,"column":0}},"9":{"start":{"line":9,"column":0},"end":{"line":9,"column":0}},"10":{"start":{"line":10,"column":0},"end":{"line":10,"column":0}},"11":{"start":{"line":11,"column":0},"end":{"line":11,"column":0}},"12":{"start":{"line":12,"column":0},"end":{"line":12,"column":0}},"13":{"start":{"line":13,"column":0},"end":{"line":13,"column":0}},"14":{"start":{"line":14,"column":0},"end":{"line":14,"column":0}},"15":{"start":{"line":15,"column":0},"end":{"line":15,"column":0}},"16":{"start":{"line":16,"column":0},"end":{"line":16,"column":0}},"17":{"start":{"line":17,"column":0},"end":{"line":17,"column":0}},"18":{"start":{"line":18,"column":0},"end":{"line":18,"column":0}},"19":{"start":{"line":19,"column":0},"end":{"line":19,"column":0}},"20":{"start":{"line":20,"column":0},"end":{"line":20,"column":0}},"21":{"start":{"line":21,"column":0},"end":{"line":21,"column":0}},"22":{"start":{"line":22,"column":0},"end":{"line":22,"column":0}},"23":{"start":{"line":23,"column":0},"end":{"line":23,"column":0}},"24":{"start":{"line":24,"column":0},"end":{"line":24,"column":0}},"25":{"start":{"line":25,"column":0},"end":{"line":25,"column":0}},"26":{"start":{"line":26,"column":0},"end":{"line":26,"column":0}},"27":{"start":{"line":27,"column":0},"end":{"line":27,"column":0}},"28":{"start":{"line":28,"column":0},"end":{"line":28,"column":0}},"29":{"start":{"line":29,"column":0},"end":{"line":29,"column":0}},"30":{"start":{"line":30,"column":0},"end":{"line":30,"column":0}},"31":{"start":{"line":31,"column":0},"end":{"line":31,"column":0}},"32":{"start":{"line":32,"column":0},"end":{"line":32,"column":0}},"33":{"start":{"line":33,"column":0},"end":{"line":33,"column":0}},"34":{"start":{"line":34,"column":0},"end":{"line":34,"column":0}},"35":{"start":{"line":35,"column":0},"end":{"line":35,"column":0}},"36":{"start":{"line":36,"column":0},"end":{"line":36,"column":0}},"37":{"start":{"line":37,"column":0},"end":{"line":37,"column":0}},"38":{"start":{"line":38,"column":0},"end":{"line":38,"column":0}},"39":{"start":{"line":39,"column":0},"end":{"line":39,"column":0}},"40":{"start":{"line":40,"column":0},"end":{"line":40,"column":0}},"41":{"start":{"line":41,"column":0},"end":{"line":41,"column":0}},"42":{"start":{"line":42,"column":0},"end":{"line":42,"column":0}},"43":{"start":{"line":43,"column":0},"end":{"line":43,"column":0}},"44":{"start":{"line":44,"column":0},"end":{"line":44,"column":0}},"45":{"start":{"line":45,"column":0},"end":{"line":45,"column":0}},"46":{"start":{"line":46,"column":0},"end":{"line":46,"column":0}},"47":{"start":{"line":47,"column":0},"end":{"line":47,"column":0}},"48":{"start":{"line":48,"column":0},"end":{"line":48,"column":0}},"49":{"start":{"line":49,"column":0},"end":{"line":49,"column":0}},"50":{"start":{"line":50,"column":0},"end":{"line":50,"column":0}},"51":{"start":{"line":51,"column":0},"end":{"line":51,"column":0}},"52":{"start":{"line":52,"column":0},"end":{"line":52,"column":0}},"53":{"start":{"line":53,"column":0},"end":{"line":53,"column":0}},"54":{"start":{"line":54,"column":0},"end":{"line":54,"column":0}},"55":{"start":{"line":55,"column":0},"end":{"line":55,"column":0}},"56":{"start":{"line":56,"column":0},"end":{"line":56,"column":0}},"57":{"start":{"line":57,"column":0},"end":{"line":57,"column":0}},"58":{"start":{"line":58,"column":0},"end":{"line":58,"column":0}},"59":{"start":{"line":59,"column":0},"end":{"line":59,"column":0}},"60":{"start":{"line":60,"column":0},"end":{"line":60,"column":0}},"61":{"start":{"line":61,"column":0},"end":{"line":61,"column":0}},"62":{"start":{"line":62,"column":0},"end":{"line":62,"column":0}},"63":{"start":{"line":63,"column":0},"end":{"line":63,"column":0}},"64":{"start":{"line":64,"column":0},"end":{"line":64,"column":0}},"65":{"start":{"line":65,"column":0},"end":{"line":65,"column":0}},"66":{"start":{"line":66,"column":0},"end":{"line":66,"column":0}},"67":{"start":{"line":67,"column":0},"end":{"line":67,"column":0}},"68":{"start":{"line":68,"column":0},"end":{"line":68,"column":0}},"69":{"start":{"line":69,"column":0},"end":{"line":69,"column":0}},"70":{"start":{"line":70,"column":0},"end":{"line":70,"column":0}},"71":{"start":{"line":71,"column":0},"end":{"line":71,"column":0}},"72":{"start":{"line":72,"column":0},"end":{"line":72,"column":0}},"73":{"start":{"line":73,"column":0},"end":{"line":73,"column":0}},"74":{"start":{"line":74,"column":0},"end":{"line":74,"column":0}},"75":{"start":{"line":75,"column":0},"end":{"line":75,"column":0}},"76":{"start":{"line":76,"column":0},"end":{"line":76,"column":0}},"77":{"start":{"line":77,"column":0},"end":{"line":77,"column":0}},"78":{"start":{"line":78,"column":0},"end":{"line":78,"column":0}},"79":{"start":{"line":79,"column":0},"end":{"line":79,"column":0}},"80":{"start":{"line":80,"column":0},"end":{"line":80,"column":0}},"81":{"start":{"line":81,"column":0},"end":{"line":81,"column":0}},"82":{"start":{"line":82,"column":0},"end":{"line":82,"column":0}},"83":{"start":{"line":83,"column":0},"end":{"line":83,"column":0}},"84":{"start":{"line":84,"column":0},"end":{"line":84,"column":0}},"85":{"start":{"line":85,"column":0},"end":{"line":85,"column":0}},"86":{"start":{"line":86,"column":0},"end":{"line":86,"column":0}},"87":{"start":{"line":87,"column":0},"end":{"line":87,"column":0}},"88":{"start":{"line":88,"column":0},"end":{"line":88,"column":0}},"89":{"start":{"line":89,"column":0},"end":{"line":89,"column":0}},"90":{"start":{"line":90,"column":0},"end":{"line":90,"column":0}},"91":{"start":{"line":91,"column":0},"end":{"line":91,"column":0}},"92":{"start":{"line":92,"column":0},"end":{"line":92,"column":0}},"93":{"start":{"line":93,"column":0},"end":{"line":93,"column":0}},"94":{"start":{"line":94,"column":0},"end":{"line":94,"column":0}},"95":{"start":{"line":95,"column":0},"end":{"line":95,"column":0}},"96":{"start":{"line":96,"column":0},"end":{"line":96,"column":0}},"97":{"start":{"line":97,"column":0},"end":{"line":97,"column":0}},"98":{"start":{"line":98,"column":0},"end":{"line":98,"column":0}},"99":{"start":{"line":99,"column":0},"end":{"line":99,"column":0}},"100":{"start":{"line":100,"column":0},"end":{"line":100,"column":0}},"101":{"start":{"line":101,"column":0},"end":{"line":101,"column":0}},"102":{"start":{"line":102,"column":0},"end":{"line":102,"column":0}},"103":{"start":{"line":103,"column":0},"end":{"line":103,"column":0}},"104":{"start":{"line":104,"column":0},"end":{"line":104,"column":0}},"105":{"start":{"line":105,"column":0},"end":{"line":105,"column":0}},"106":{"start":{"line":106,"column":0},"end":{"line":106,"column":0}},"107":{"start":{"line":107,"column":0},"end":{"line":107,"column":0}},"108":{"start":{"line":108,"column":0},"end":{"line":108,"column":0}},"109":{"start":{"line":109,"column":0},"end":{"line":109,"column":0}}}}
,"no-map/ChatterFeedController": {"fnMap":{},"branchMap":{},"path":"no-map/ChatterFeedController","f":{},"b":{},"s":{"72":0,"73":1,"74":1,"75":1,"76":1,"77":1,"78":0,"79":1,"80":1,"81":1,"82":1,"83":1,"84":1,"85":1,"86":1,"87":1,"88":1,"89":1,"90":1,"91":1,"92":1,"93":1,"94":1,"95":1,"96":1,"97":1,"98":1,"99":1,"100":1,"101":1,"102":1,"103":1,"104":1,"105":1,"106":1,"107":1,"108":1,"109":1,"110":1,"111":1,"112":1,"113":1,"114":1,"115":1,"116":1,"117":1,"118":1,"119":1,"120":1},"statementMap":{"72":{"start":{"line":72,"column":0},"end":{"line":72,"column":0}},"73":{"start":{"line":73,"column":0},"end":{"line":73,"column":0}},"74":{"start":{"line":74,"column":0},"end":{"line":74,"column":0}},"75":{"start":{"line":75,"column":0},"end":{"line":75,"column":0}},"76":{"start":{"line":76,"column":0},"end":{"line":76,"column":0}},"77":{"start":{"line":77,"column":0},"end":{"line":77,"column":0}},"78":{"start":{"line":78,"column":0},"end":{"line":78,"column":0}},"79":{"start":{"line":79,"column":0},"end":{"line":79,"column":0}},"80":{"start":{"line":80,"column":0},"end":{"line":80,"column":0}},"81":{"start":{"line":81,"column":0},"end":{"line":81,"column":0}},"82":{"start":{"line":82,"column":0},"end":{"line":82,"column":0}},"83":{"start":{"line":83,"column":0},"end":{"line":83,"column":0}},"84":{"start":{"line":84,"column":0},"end":{"line":84,"column":0}},"85":{"start":{"line":85,"column":0},"end":{"line":85,"column":0}},"86":{"start":{"line":86,"column":0},"end":{"line":86,"column":0}},"87":{"start":{"line":87,"column":0},"end":{"line":87,"column":0}},"88":{"start":{"line":88,"column":0},"end":{"line":88,"column":0}},"89":{"start":{"line":89,"column":0},"end":{"line":89,"column":0}},"90":{"start":{"line":90,"column":0},"end":{"line":90,"column":0}},"91":{"start":{"line":91,"column":0},"end":{"line":91,"column":0}},"92":{"start":{"line":92,"column":0},"end":{"line":92,"column":0}},"93":{"start":{"line":93,"column":0},"end":{"line":93,"column":0}},"94":{"start":{"line":94,"column":0},"end":{"line":94,"column":0}},"95":{"start":{"line":95,"column":0},"end":{"line":95,"column":0}},"96":{"start":{"line":96,"column":0},"end":{"line":96,"column":0}},"97":{"start":{"line":97,"column":0},"end":{"line":97,"column":0}},"98":{"start":{"line":98,"column":0},"end":{"line":98,"column":0}},"99":{"start":{"line":99,"column":0},"end":{"line":99,"column":0}},"100":{"start":{"line":100,"column":0},"end":{"line":100,"column":0}},"101":{"start":{"line":101,"column":0},"end":{"line":101,"column":0}},"102":{"start":{"line":102,"column":0},"end":{"line":102,"column":0}},"103":{"start":{"line":103,"column":0},"end":{"line":103,"column":0}},"104":{"start":{"line":104,"column":0},"end":{"line":104,"column":0}},"105":{"start":{"line":105,"column":0},"end":{"line":105,"column":0}},"106":{"start":{"line":106,"column":0},"end":{"line":106,"column":0}},"107":{"start":{"line":107,"column":0},"end":{"line":107,"column":0}},"108":{"start":{"line":108,"column":0},"end":{"line":108,"column":0}},"109":{"start":{"line":109,"column":0},"end":{"line":109,"column":0}},"110":{"start":{"line":110,"column":0},"end":{"line":110,"column":0}},"111":{"start":{"line":111,"column":0},"end":{"line":111,"column":0}},"112":{"start":{"line":112,"column":0},"end":{"line":112,"column":0}},"113":{"start":{"line":113,"column":0},"end":{"line":113,"column":0}},"114":{"start":{"line":114,"column":0},"end":{"line":114,"column":0}},"115":{"start":{"line":115,"column":0},"end":{"line":115,"column":0}},"116":{"start":{"line":116,"column":0},"end":{"line":116,"column":0}},"117":{"start":{"line":117,"column":0},"end":{"line":117,"column":0}},"118":{"start":{"line":118,"column":0},"end":{"line":118,"column":0}},"119":{"start":{"line":119,"column":0},"end":{"line":119,"column":0}},"120":{"start":{"line":120,"column":0},"end":{"line":120,"column":0}}}}
,"no-map/ClassObject": {"fnMap":{},"branchMap":{},"path":"no-map/ClassObject","f":{},"b":{},"s":{"1":1,"2":1,"3":1,"4":1,"5":1,"6":1,"7":1,"8":1,"9":1,"10":1,"11":1,"12":1,"13":1,"14":1,"15":1,"16":1,"17":1,"18":1,"19":1,"20":1,"21":1,"22":1,"23":1,"24":1,"25":1,"26":1,"27":1,"28":1,"29":1,"30":1},"statementMap":{"1":{"start":{"line":1,"column":0},"end":{"line":1,"column":0}},"2":{"start":{"line":2,"column":0},"end":{"line":2,"column":0}},"3":{"start":{"line":3,"column":0},"end":{"line":3,"column":0}},"4":{"start":{"line":4,"column":0},"end":{"line":4,"column":0}},"5":{"start":{"line":5,"column":0},"end":{"line":5,"column":0}},"6":{"start":{"line":6,"column":0},"end":{"line":6,"column":0}},"7":{"start":{"line":7,"column":0},"end":{"line":7,"column":0}},"8":{"start":{"line":8,"column":0},"end":{"line":8,"column":0}},"9":{"start":{"line":9,"column":0},"end":{"line":9,"column":0}},"10":{"start":{"line":10,"column":0},"end":{"line":10,"column":0}},"11":{"start":{"line":11,"column":0},"end":{"line":11,"column":0}},"12":{"start":{"line":12,"column":0},"end":{"line":12,"column":0}},"13":{"start":{"line":13,"column":0},"end":{"line":13,"column":0}},"14":{"start":{"line":14,"column":0},"end":{"line":14,"column":0}},"15":{"start":{"line":15,"column":0},"end":{"line":15,"column":0}},"16":{"start":{"line":16,"column":0},"end":{"line":16,"column":0}},"17":{"start":{"line":17,"column":0},"end":{"line":17,"column":0}},"18":{"start":{"line":18,"column":0},"end":{"line":18,"column":0}},"19":{"start":{"line":19,"column":0},"end":{"line":19,"column":0}},"20":{"start":{"line":20,"column":0},"end":{"line":20,"column":0}},"21":{"start":{"line":21,"column":0},"end":{"line":21,"column":0}},"22":{"start":{"line":22,"column":0},"end":{"line":22,"column":0}},"23":{"start":{"line":23,"column":0},"end":{"line":23,"column":0}},"24":{"start":{"line":24,"column":0},"end":{"line":24,"column":0}},"25":{"start":{"line":25,"column":0},"end":{"line":25,"column":0}},"26":{"start":{"line":26,"column":0},"end":{"line":26,"column":0}},"27":{"start":{"line":27,"column":0},"end":{"line":27,"column":0}},"28":{"start":{"line":28,"column":0},"end":{"line":28,"column":0}},"29":{"start":{"line":29,"column":0},"end":{"line":29,"column":0}},"30":{"start":{"line":30,"column":0},"end":{"line":30,"column":0}}}}
,"no-map/ClassesIndexObject": {"fnMap":{},"branchMap":{},"path":"no-map/ClassesIndexObject","f":{},"b":{},"s":{"1":1,"2":1,"3":1,"4":1,"5":1,"6":1,"7":1,"8":1},"statementMap":{"1":{"start":{"line":1,"column":0},"end":{"line":1,"column":0}},"2":{"start":{"line":2,"column":0},"end":{"line":2,"column":0}},"3":{"start":{"line":3,"column":0},"end":{"line":3,"column":0}},"4":{"start":{"line":4,"column":0},"end":{"line":4,"column":0}},"5":{"start":{"line":5,"column":0},"end":{"line":5,"column":0}},"6":{"start":{"line":6,"column":0},"end":{"line":6,"column":0}},"7":{"start":{"line":7,"column":0},"end":{"line":7,"column":0}},"8":{"start":{"line":8,"column":0},"end":{"line":8,"column":0}}}}
,"no-map/CommunitiesLandingController": {"fnMap":{},"branchMap":{},"path":"no-map/CommunitiesLandingController","f":{},"b":{},"s":{"1":1,"2":1,"3":1},"statementMap":{"1":{"start":{"line":1,"column":0},"end":{"line":1,"column":0}},"2":{"start":{"line":2,"column":0},"end":{"line":2,"column":0}},"3":{"start":{"line":3,"column":0},"end":{"line":3,"column":0}}}}
,"no-map/CommunitiesLoginController": {"fnMap":{},"branchMap":{},"path":"no-map/CommunitiesLoginController","f":{},"b":{},"s":{"1":1,"2":1,"3":1,"4":1,"5":1},"statementMap":{"1":{"start":{"line":1,"column":0},"end":{"line":1,"column":0}},"2":{"start":{"line":2,"column":0},"end":{"line":2,"column":0}},"3":{"start":{"line":3,"column":0},"end":{"line":3,"column":0}},"4":{"start":{"line":4,"column":0},"end":{"line":4,"column":0}},"5":{"start":{"line":5,"column":0},"end":{"line":5,"column":0}}}}
,"no-map/CommunitiesSelfRegConfirmController": {"fnMap":{},"branchMap":{},"path":"no-map/CommunitiesSelfRegConfirmController","f":{},"b":{},"s":{"1":1},"statementMap":{"1":{"start":{"line":1,"column":0},"end":{"line":1,"column":0}}}}
,"no-map/CommunitiesSelfRegController": {"fnMap":{},"branchMap":{},"path":"no-map/CommunitiesSelfRegController","f":{},"b":{},"s":{"16":0,"17":1,"18":1,"19":1,"20":1,"21":1,"22":1,"23":1,"24":1,"25":1,"26":1,"27":1,"28":1,"29":1,"30":1,"31":1,"32":1,"33":1,"34":1,"35":1,"36":1,"37":1,"38":1,"39":1,"40":1,"41":1,"42":1,"43":1,"44":1,"45":1,"46":1,"47":1,"48":1,"49":1,"50":1,"51":0,"52":0,"53":0,"54":0,"55":1,"56":1,"57":1,"63":0,"64":0,"67":0,"68":0,"69":0},"statementMap":{"16":{"start":{"line":16,"column":0},"end":{"line":16,"column":0}},"17":{"start":{"line":17,"column":0},"end":{"line":17,"column":0}},"18":{"start":{"line":18,"column":0},"end":{"line":18,"column":0}},"19":{"start":{"line":19,"column":0},"end":{"line":19,"column":0}},"20":{"start":{"line":20,"column":0},"end":{"line":20,"column":0}},"21":{"start":{"line":21,"column":0},"end":{"line":21,"column":0}},"22":{"start":{"line":22,"column":0},"end":{"line":22,"column":0}},"23":{"start":{"line":23,"column":0},"end":{"line":23,"column":0}},"24":{"start":{"line":24,"column":0},"end":{"line":24,"column":0}},"25":{"start":{"line":25,"column":0},"end":{"line":25,"column":0}},"26":{"start":{"line":26,"column":0},"end":{"line":26,"column":0}},"27":{"start":{"line":27,"column":0},"end":{"line":27,"column":0}},"28":{"start":{"line":28,"column":0},"end":{"line":28,"column":0}},"29":{"start":{"line":29,"column":0},"end":{"line":29,"column":0}},"30":{"start":{"line":30,"column":0},"end":{"line":30,"column":0}},"31":{"start":{"line":31,"column":0},"end":{"line":31,"column":0}},"32":{"start":{"line":32,"column":0},"end":{"line":32,"column":0}},"33":{"start":{"line":33,"column":0},"end":{"line":33,"column":0}},"34":{"start":{"line":34,"column":0},"end":{"line":34,"column":0}},"35":{"start":{"line":35,"column":0},"end":{"line":35,"column":0}},"36":{"start":{"line":36,"column":0},"end":{"line":36,"column":0}},"37":{"start":{"line":37,"column":0},"end":{"line":37,"column":0}},"38":{"start":{"line":38,"column":0},"end":{"line":38,"column":0}},"39":{"start":{"line":39,"column":0},"end":{"line":39,"column":0}},"40":{"start":{"line":40,"column":0},"end":{"line":40,"column":0}},"41":{"start":{"line":41,"column":0},"end":{"line":41,"column":0}},"42":{"start":{"line":42,"column":0},"end":{"line":42,"column":0}},"43":{"start":{"line":43,"column":0},"end":{"line":43,"column":0}},"44":{"start":{"line":44,"column":0},"end":{"line":44,"column":0}},"45":{"start":{"line":45,"column":0},"end":{"line":45,"column":0}},"46":{"start":{"line":46,"column":0},"end":{"line":46,"column":0}},"47":{"start":{"line":47,"column":0},"end":{"line":47,"column":0}},"48":{"start":{"line":48,"column":0},"end":{"line":48,"column":0}},"49":{"start":{"line":49,"column":0},"end":{"line":49,"column":0}},"50":{"start":{"line":50,"column":0},"end":{"line":50,"column":0}},"51":{"start":{"line":51,"column":0},"end":{"line":51,"column":0}},"52":{"start":{"line":52,"column":0},"end":{"line":52,"column":0}},"53":{"start":{"line":53,"column":0},"end":{"line":53,"column":0}},"54":{"start":{"line":54,"column":0},"end":{"line":54,"column":0}},"55":{"start":{"line":55,"column":0},"end":{"line":55,"column":0}},"56":{"start":{"line":56,"column":0},"end":{"line":56,"column":0}},"57":{"start":{"line":57,"column":0},"end":{"line":57,"column":0}},"63":{"start":{"line":63,"column":0},"end":{"line":63,"column":0}},"64":{"start":{"line":64,"column":0},"end":{"line":64,"column":0}},"67":{"start":{"line":67,"column":0},"end":{"line":67,"column":0}},"68":{"start":{"line":68,"column":0},"end":{"line":68,"column":0}},"69":{"start":{"line":69,"column":0},"end":{"line":69,"column":0}}}}
,"no-map/CursorContacts": {"fnMap":{},"branchMap":{},"path":"no-map/CursorContacts","f":{},"b":{},"s":{"13":0,"14":1,"15":1,"16":1,"17":1,"18":1,"19":1,"20":0,"21":1,"22":1,"23":1,"24":1,"25":1},"statementMap":{"13":{"start":{"line":13,"column":0},"end":{"line":13,"column":0}},"14":{"start":{"line":14,"column":0},"end":{"line":14,"column":0}},"15":{"start":{"line":15,"column":0},"end":{"line":15,"column":0}},"16":{"start":{"line":16,"column":0},"end":{"line":16,"column":0}},"17":{"start":{"line":17,"column":0},"end":{"line":17,"column":0}},"18":{"start":{"line":18,"column":0},"end":{"line":18,"column":0}},"19":{"start":{"line":19,"column":0},"end":{"line":19,"column":0}},"20":{"start":{"line":20,"column":0},"end":{"line":20,"column":0}},"21":{"start":{"line":21,"column":0},"end":{"line":21,"column":0}},"22":{"start":{"line":22,"column":0},"end":{"line":22,"column":0}},"23":{"start":{"line":23,"column":0},"end":{"line":23,"column":0}},"24":{"start":{"line":24,"column":0},"end":{"line":24,"column":0}},"25":{"start":{"line":25,"column":0},"end":{"line":25,"column":0}}}}
,"no-map/ESCCDeviceController": {"fnMap":{},"branchMap":{},"path":"no-map/ESCCDeviceController","f":{},"b":{},"s":{"13":0,"14":0,"15":1,"16":1,"17":0,"18":0,"19":1,"20":1,"21":1,"22":1,"23":1,"24":1,"25":1,"26":1,"27":1,"28":1,"29":1,"30":1,"31":1,"32":1,"33":1,"34":1,"35":1,"36":1,"37":1,"38":1,"39":1,"40":1,"41":1,"42":1,"43":1,"44":1,"45":1,"46":1,"47":1,"48":1,"49":1,"50":1,"51":1,"52":1,"53":1,"54":1,"55":1,"56":1,"57":1,"58":1,"59":1,"60":1,"61":1,"62":1,"63":1,"64":1,"65":1,"66":1,"67":1,"68":1,"69":1,"70":1,"71":1,"72":1,"73":1,"74":1,"75":1,"76":1,"77":1,"78":1,"79":0,"80":0,"81":1,"82":1,"83":0,"84":0,"85":1,"86":1,"87":1,"88":1,"89":1,"90":1,"91":1,"92":1,"93":1,"94":1,"95":1,"96":1,"97":1,"98":1,"99":1,"100":1,"101":1,"102":1,"103":1,"104":0,"105":0,"106":1,"107":0,"108":0,"109":0,"110":1,"111":0,"112":0,"113":0,"115":0,"116":0},"statementMap":{"13":{"start":{"line":13,"column":0},"end":{"line":13,"column":0}},"14":{"start":{"line":14,"column":0},"end":{"line":14,"column":0}},"15":{"start":{"line":15,"column":0},"end":{"line":15,"column":0}},"16":{"start":{"line":16,"column":0},"end":{"line":16,"column":0}},"17":{"start":{"line":17,"column":0},"end":{"line":17,"column":0}},"18":{"start":{"line":18,"column":0},"end":{"line":18,"column":0}},"19":{"start":{"line":19,"column":0},"end":{"line":19,"column":0}},"20":{"start":{"line":20,"column":0},"end":{"line":20,"column":0}},"21":{"start":{"line":21,"column":0},"end":{"line":21,"column":0}},"22":{"start":{"line":22,"column":0},"end":{"line":22,"column":0}},"23":{"start":{"line":23,"column":0},"end":{"line":23,"column":0}},"24":{"start":{"line":24,"column":0},"end":{"line":24,"column":0}},"25":{"start":{"line":25,"column":0},"end":{"line":25,"column":0}},"26":{"start":{"line":26,"column":0},"end":{"line":26,"column":0}},"27":{"start":{"line":27,"column":0},"end":{"line":27,"column":0}},"28":{"start":{"line":28,"column":0},"end":{"line":28,"column":0}},"29":{"start":{"line":29,"column":0},"end":{"line":29,"column":0}},"30":{"start":{"line":30,"column":0},"end":{"line":30,"column":0}},"31":{"start":{"line":31,"column":0},"end":{"line":31,"column":0}},"32":{"start":{"line":32,"column":0},"end":{"line":32,"column":0}},"33":{"start":{"line":33,"column":0},"end":{"line":33,"column":0}},"34":{"start":{"line":34,"column":0},"end":{"line":34,"column":0}},"35":{"start":{"line":35,"column":0},"end":{"line":35,"column":0}},"36":{"start":{"line":36,"column":0},"end":{"line":36,"column":0}},"37":{"start":{"line":37,"column":0},"end":{"line":37,"column":0}},"38":{"start":{"line":38,"column":0},"end":{"line":38,"column":0}},"39":{"start":{"line":39,"column":0},"end":{"line":39,"column":0}},"40":{"start":{"line":40,"column":0},"end":{"line":40,"column":0}},"41":{"start":{"line":41,"column":0},"end":{"line":41,"column":0}},"42":{"start":{"line":42,"column":0},"end":{"line":42,"column":0}},"43":{"start":{"line":43,"column":0},"end":{"line":43,"column":0}},"44":{"start":{"line":44,"column":0},"end":{"line":44,"column":0}},"45":{"start":{"line":45,"column":0},"end":{"line":45,"column":0}},"46":{"start":{"line":46,"column":0},"end":{"line":46,"column":0}},"47":{"start":{"line":47,"column":0},"end":{"line":47,"column":0}},"48":{"start":{"line":48,"column":0},"end":{"line":48,"column":0}},"49":{"start":{"line":49,"column":0},"end":{"line":49,"column":0}},"50":{"start":{"line":50,"column":0},"end":{"line":50,"column":0}},"51":{"start":{"line":51,"column":0},"end":{"line":51,"column":0}},"52":{"start":{"line":52,"column":0},"end":{"line":52,"column":0}},"53":{"start":{"line":53,"column":0},"end":{"line":53,"column":0}},"54":{"start":{"line":54,"column":0},"end":{"line":54,"column":0}},"55":{"start":{"line":55,"column":0},"end":{"line":55,"column":0}},"56":{"start":{"line":56,"column":0},"end":{"line":56,"column":0}},"57":{"start":{"line":57,"column":0},"end":{"line":57,"column":0}},"58":{"start":{"line":58,"column":0},"end":{"line":58,"column":0}},"59":{"start":{"line":59,"column":0},"end":{"line":59,"column":0}},"60":{"start":{"line":60,"column":0},"end":{"line":60,"column":0}},"61":{"start":{"line":61,"column":0},"end":{"line":61,"column":0}},"62":{"start":{"line":62,"column":0},"end":{"line":62,"column":0}},"63":{"start":{"line":63,"column":0},"end":{"line":63,"column":0}},"64":{"start":{"line":64,"column":0},"end":{"line":64,"column":0}},"65":{"start":{"line":65,"column":0},"end":{"line":65,"column":0}},"66":{"start":{"line":66,"column":0},"end":{"line":66,"column":0}},"67":{"start":{"line":67,"column":0},"end":{"line":67,"column":0}},"68":{"start":{"line":68,"column":0},"end":{"line":68,"column":0}},"69":{"start":{"line":69,"column":0},"end":{"line":69,"column":0}},"70":{"start":{"line":70,"column":0},"end":{"line":70,"column":0}},"71":{"start":{"line":71,"column":0},"end":{"line":71,"column":0}},"72":{"start":{"line":72,"column":0},"end":{"line":72,"column":0}},"73":{"start":{"line":73,"column":0},"end":{"line":73,"column":0}},"74":{"start":{"line":74,"column":0},"end":{"line":74,"column":0}},"75":{"start":{"line":75,"column":0},"end":{"line":75,"column":0}},"76":{"start":{"line":76,"column":0},"end":{"line":76,"column":0}},"77":{"start":{"line":77,"column":0},"end":{"line":77,"column":0}},"78":{"start":{"line":78,"column":0},"end":{"line":78,"column":0}},"79":{"start":{"line":79,"column":0},"end":{"line":79,"column":0}},"80":{"start":{"line":80,"column":0},"end":{"line":80,"column":0}},"81":{"start":{"line":81,"column":0},"end":{"line":81,"column":0}},"82":{"start":{"line":82,"column":0},"end":{"line":82,"column":0}},"83":{"start":{"line":83,"column":0},"end":{"line":83,"column":0}},"84":{"start":{"line":84,"column":0},"end":{"line":84,"column":0}},"85":{"start":{"line":85,"column":0},"end":{"line":85,"column":0}},"86":{"start":{"line":86,"column":0},"end":{"line":86,"column":0}},"87":{"start":{"line":87,"column":0},"end":{"line":87,"column":0}},"88":{"start":{"line":88,"column":0},"end":{"line":88,"column":0}},"89":{"start":{"line":89,"column":0},"end":{"line":89,"column":0}},"90":{"start":{"line":90,"column":0},"end":{"line":90,"column":0}},"91":{"start":{"line":91,"column":0},"end":{"line":91,"column":0}},"92":{"start":{"line":92,"column":0},"end":{"line":92,"column":0}},"93":{"start":{"line":93,"column":0},"end":{"line":93,"column":0}},"94":{"start":{"line":94,"column":0},"end":{"line":94,"column":0}},"95":{"start":{"line":95,"column":0},"end":{"line":95,"column":0}},"96":{"start":{"line":96,"column":0},"end":{"line":96,"column":0}},"97":{"start":{"line":97,"column":0},"end":{"line":97,"column":0}},"98":{"start":{"line":98,"column":0},"end":{"line":98,"column":0}},"99":{"start":{"line":99,"column":0},"end":{"line":99,"column":0}},"100":{"start":{"line":100,"column":0},"end":{"line":100,"column":0}},"101":{"start":{"line":101,"column":0},"end":{"line":101,"column":0}},"102":{"start":{"line":102,"column":0},"end":{"line":102,"column":0}},"103":{"start":{"line":103,"column":0},"end":{"line":103,"column":0}},"104":{"start":{"line":104,"column":0},"end":{"line":104,"column":0}},"105":{"start":{"line":105,"column":0},"end":{"line":105,"column":0}},"106":{"start":{"line":106,"column":0},"end":{"line":106,"column":0}},"107":{"start":{"line":107,"column":0},"end":{"line":107,"column":0}},"108":{"start":{"line":108,"column":0},"end":{"line":108,"column":0}},"109":{"start":{"line":109,"column":0},"end":{"line":109,"column":0}},"110":{"start":{"line":110,"column":0},"end":{"line":110,"column":0}},"111":{"start":{"line":111,"column":0},"end":{"line":111,"column":0}},"112":{"start":{"line":112,"column":0},"end":{"line":112,"column":0}},"113":{"start":{"line":113,"column":0},"end":{"line":113,"column":0}},"115":{"start":{"line":115,"column":0},"end":{"line":115,"column":0}},"116":{"start":{"line":116,"column":0},"end":{"line":116,"column":0}}}}
,"no-map/ESCCDeviceControllerPlus": {"fnMap":{},"branchMap":{},"path":"no-map/ESCCDeviceControllerPlus","f":{},"b":{},"s":{"13":0,"14":0,"15":1,"16":1,"17":0,"18":0,"19":1,"20":1,"21":1,"22":1,"23":1,"24":1,"25":1,"26":1,"27":1,"28":1,"29":1,"30":1,"31":1,"32":1,"33":1,"34":1,"35":1,"36":1,"37":1,"38":1,"39":1,"40":1,"41":1,"42":1,"43":1,"44":1,"45":1,"46":1,"47":1,"48":1,"49":1,"50":1,"51":1,"52":1,"53":1,"54":1,"55":1,"56":1,"57":1,"58":1,"59":1,"60":1,"61":1,"62":1,"63":1,"64":1,"65":1,"66":1,"67":1,"68":1,"69":1,"70":1,"71":1,"72":1,"73":1,"74":1,"75":1,"76":1,"77":1,"78":0,"79":0,"80":1,"81":1,"82":0,"83":0,"84":1,"85":1,"86":1,"87":1,"88":1,"89":1,"90":1,"91":1,"92":1,"93":1,"94":1,"95":1,"96":1,"97":1,"98":1,"99":1,"100":1,"101":1,"102":1,"103":0,"104":0,"105":1,"106":0,"107":0,"108":0,"109":1,"110":0,"111":0,"112":0,"114":0,"115":0},"statementMap":{"13":{"start":{"line":13,"column":0},"end":{"line":13,"column":0}},"14":{"start":{"line":14,"column":0},"end":{"line":14,"column":0}},"15":{"start":{"line":15,"column":0},"end":{"line":15,"column":0}},"16":{"start":{"line":16,"column":0},"end":{"line":16,"column":0}},"17":{"start":{"line":17,"column":0},"end":{"line":17,"column":0}},"18":{"start":{"line":18,"column":0},"end":{"line":18,"column":0}},"19":{"start":{"line":19,"column":0},"end":{"line":19,"column":0}},"20":{"start":{"line":20,"column":0},"end":{"line":20,"column":0}},"21":{"start":{"line":21,"column":0},"end":{"line":21,"column":0}},"22":{"start":{"line":22,"column":0},"end":{"line":22,"column":0}},"23":{"start":{"line":23,"column":0},"end":{"line":23,"column":0}},"24":{"start":{"line":24,"column":0},"end":{"line":24,"column":0}},"25":{"start":{"line":25,"column":0},"end":{"line":25,"column":0}},"26":{"start":{"line":26,"column":0},"end":{"line":26,"column":0}},"27":{"start":{"line":27,"column":0},"end":{"line":27,"column":0}},"28":{"start":{"line":28,"column":0},"end":{"line":28,"column":0}},"29":{"start":{"line":29,"column":0},"end":{"line":29,"column":0}},"30":{"start":{"line":30,"column":0},"end":{"line":30,"column":0}},"31":{"start":{"line":31,"column":0},"end":{"line":31,"column":0}},"32":{"start":{"line":32,"column":0},"end":{"line":32,"column":0}},"33":{"start":{"line":33,"column":0},"end":{"line":33,"column":0}},"34":{"start":{"line":34,"column":0},"end":{"line":34,"column":0}},"35":{"start":{"line":35,"column":0},"end":{"line":35,"column":0}},"36":{"start":{"line":36,"column":0},"end":{"line":36,"column":0}},"37":{"start":{"line":37,"column":0},"end":{"line":37,"column":0}},"38":{"start":{"line":38,"column":0},"end":{"line":38,"column":0}},"39":{"start":{"line":39,"column":0},"end":{"line":39,"column":0}},"40":{"start":{"line":40,"column":0},"end":{"line":40,"column":0}},"41":{"start":{"line":41,"column":0},"end":{"line":41,"column":0}},"42":{"start":{"line":42,"column":0},"end":{"line":42,"column":0}},"43":{"start":{"line":43,"column":0},"end":{"line":43,"column":0}},"44":{"start":{"line":44,"column":0},"end":{"line":44,"column":0}},"45":{"start":{"line":45,"column":0},"end":{"line":45,"column":0}},"46":{"start":{"line":46,"column":0},"end":{"line":46,"column":0}},"47":{"start":{"line":47,"column":0},"end":{"line":47,"column":0}},"48":{"start":{"line":48,"column":0},"end":{"line":48,"column":0}},"49":{"start":{"line":49,"column":0},"end":{"line":49,"column":0}},"50":{"start":{"line":50,"column":0},"end":{"line":50,"column":0}},"51":{"start":{"line":51,"column":0},"end":{"line":51,"column":0}},"52":{"start":{"line":52,"column":0},"end":{"line":52,"column":0}},"53":{"start":{"line":53,"column":0},"end":{"line":53,"column":0}},"54":{"start":{"line":54,"column":0},"end":{"line":54,"column":0}},"55":{"start":{"line":55,"column":0},"end":{"line":55,"column":0}},"56":{"start":{"line":56,"column":0},"end":{"line":56,"column":0}},"57":{"start":{"line":57,"column":0},"end":{"line":57,"column":0}},"58":{"start":{"line":58,"column":0},"end":{"line":58,"column":0}},"59":{"start":{"line":59,"column":0},"end":{"line":59,"column":0}},"60":{"start":{"line":60,"column":0},"end":{"line":60,"column":0}},"61":{"start":{"line":61,"column":0},"end":{"line":61,"column":0}},"62":{"start":{"line":62,"column":0},"end":{"line":62,"column":0}},"63":{"start":{"line":63,"column":0},"end":{"line":63,"column":0}},"64":{"start":{"line":64,"column":0},"end":{"line":64,"column":0}},"65":{"start":{"line":65,"column":0},"end":{"line":65,"column":0}},"66":{"start":{"line":66,"column":0},"end":{"line":66,"column":0}},"67":{"start":{"line":67,"column":0},"end":{"line":67,"column":0}},"68":{"start":{"line":68,"column":0},"end":{"line":68,"column":0}},"69":{"start":{"line":69,"column":0},"end":{"line":69,"column":0}},"70":{"start":{"line":70,"column":0},"end":{"line":70,"column":0}},"71":{"start":{"line":71,"column":0},"end":{"line":71,"column":0}},"72":{"start":{"line":72,"column":0},"end":{"line":72,"column":0}},"73":{"start":{"line":73,"column":0},"end":{"line":73,"column":0}},"74":{"start":{"line":74,"column":0},"end":{"line":74,"column":0}},"75":{"start":{"line":75,"column":0},"end":{"line":75,"column":0}},"76":{"start":{"line":76,"column":0},"end":{"line":76,"column":0}},"77":{"start":{"line":77,"column":0},"end":{"line":77,"column":0}},"78":{"start":{"line":78,"column":0},"end":{"line":78,"column":0}},"79":{"start":{"line":79,"column":0},"end":{"line":79,"column":0}},"80":{"start":{"line":80,"column":0},"end":{"line":80,"column":0}},"81":{"start":{"line":81,"column":0},"end":{"line":81,"column":0}},"82":{"start":{"line":82,"column":0},"end":{"line":82,"column":0}},"83":{"start":{"line":83,"column":0},"end":{"line":83,"column":0}},"84":{"start":{"line":84,"column":0},"end":{"line":84,"column":0}},"85":{"start":{"line":85,"column":0},"end":{"line":85,"column":0}},"86":{"start":{"line":86,"column":0},"end":{"line":86,"column":0}},"87":{"start":{"line":87,"column":0},"end":{"line":87,"column":0}},"88":{"start":{"line":88,"column":0},"end":{"line":88,"column":0}},"89":{"start":{"line":89,"column":0},"end":{"line":89,"column":0}},"90":{"start":{"line":90,"column":0},"end":{"line":90,"column":0}},"91":{"start":{"line":91,"column":0},"end":{"line":91,"column":0}},"92":{"start":{"line":92,"column":0},"end":{"line":92,"column":0}},"93":{"start":{"line":93,"column":0},"end":{"line":93,"column":0}},"94":{"start":{"line":94,"column":0},"end":{"line":94,"column":0}},"95":{"start":{"line":95,"column":0},"end":{"line":95,"column":0}},"96":{"start":{"line":96,"column":0},"end":{"line":96,"column":0}},"97":{"start":{"line":97,"column":0},"end":{"line":97,"column":0}},"98":{"start":{"line":98,"column":0},"end":{"line":98,"column":0}},"99":{"start":{"line":99,"column":0},"end":{"line":99,"column":0}},"100":{"start":{"line":100,"column":0},"end":{"line":100,"column":0}},"101":{"start":{"line":101,"column":0},"end":{"line":101,"column":0}},"102":{"start":{"line":102,"column":0},"end":{"line":102,"column":0}},"103":{"start":{"line":103,"column":0},"end":{"line":103,"column":0}},"104":{"start":{"line":104,"column":0},"end":{"line":104,"column":0}},"105":{"start":{"line":105,"column":0},"end":{"line":105,"column":0}},"106":{"start":{"line":106,"column":0},"end":{"line":106,"column":0}},"107":{"start":{"line":107,"column":0},"end":{"line":107,"column":0}},"108":{"start":{"line":108,"column":0},"end":{"line":108,"column":0}},"109":{"start":{"line":109,"column":0},"end":{"line":109,"column":0}},"110":{"start":{"line":110,"column":0},"end":{"line":110,"column":0}},"111":{"start":{"line":111,"column":0},"end":{"line":111,"column":0}},"112":{"start":{"line":112,"column":0},"end":{"line":112,"column":0}},"114":{"start":{"line":114,"column":0},"end":{"line":114,"column":0}},"115":{"start":{"line":115,"column":0},"end":{"line":115,"column":0}}}}
,"no-map/EisacEsccDevicesController": {"fnMap":{},"branchMap":{},"path":"no-map/EisacEsccDevicesController","f":{},"b":{},"s":{"62":0,"63":1,"64":1,"65":0,"66":1,"67":1,"68":0,"69":1,"70":1,"71":1,"72":1,"73":1,"74":1,"75":1,"76":1,"77":1,"78":1,"79":1,"80":0,"81":1,"82":1,"83":0,"84":1,"85":1,"86":1,"87":1,"88":0,"89":0,"90":0,"91":1,"92":1,"93":1,"94":1,"95":1,"96":1,"97":1,"98":1,"99":0,"100":1,"101":0,"102":1,"103":1,"104":1,"105":1,"106":1,"107":1,"108":1,"109":1,"110":0,"111":1,"112":1,"113":1,"114":1,"115":1,"116":1,"117":1,"118":1,"119":1,"120":1,"121":1,"122":1,"123":1,"124":1,"125":1,"126":1,"127":1,"128":1,"129":1,"130":1,"131":1,"132":1,"133":1,"134":1,"135":1,"136":1,"137":1,"138":1,"139":1,"140":1,"141":1,"142":1,"143":1,"144":1,"145":1,"146":1,"147":0,"148":0,"149":1,"150":1,"151":1,"152":1,"153":1,"154":1,"155":1,"156":1,"157":1,"158":1,"159":1,"160":1,"161":1,"162":1,"163":1,"164":1,"165":1,"166":1,"167":1,"168":1,"169":1,"170":1,"171":1,"172":1,"173":1,"174":1,"175":1,"176":1,"177":1,"178":1,"179":1,"180":1,"181":1,"182":1,"183":1,"184":1,"185":1,"211":0,"267":0,"268":0},"statementMap":{"62":{"start":{"line":62,"column":0},"end":{"line":62,"column":0}},"63":{"start":{"line":63,"column":0},"end":{"line":63,"column":0}},"64":{"start":{"line":64,"column":0},"end":{"line":64,"column":0}},"65":{"start":{"line":65,"column":0},"end":{"line":65,"column":0}},"66":{"start":{"line":66,"column":0},"end":{"line":66,"column":0}},"67":{"start":{"line":67,"column":0},"end":{"line":67,"column":0}},"68":{"start":{"line":68,"column":0},"end":{"line":68,"column":0}},"69":{"start":{"line":69,"column":0},"end":{"line":69,"column":0}},"70":{"start":{"line":70,"column":0},"end":{"line":70,"column":0}},"71":{"start":{"line":71,"column":0},"end":{"line":71,"column":0}},"72":{"start":{"line":72,"column":0},"end":{"line":72,"column":0}},"73":{"start":{"line":73,"column":0},"end":{"line":73,"column":0}},"74":{"start":{"line":74,"column":0},"end":{"line":74,"column":0}},"75":{"start":{"line":75,"column":0},"end":{"line":75,"column":0}},"76":{"start":{"line":76,"column":0},"end":{"line":76,"column":0}},"77":{"start":{"line":77,"column":0},"end":{"line":77,"column":0}},"78":{"start":{"line":78,"column":0},"end":{"line":78,"column":0}},"79":{"start":{"line":79,"column":0},"end":{"line":79,"column":0}},"80":{"start":{"line":80,"column":0},"end":{"line":80,"column":0}},"81":{"start":{"line":81,"column":0},"end":{"line":81,"column":0}},"82":{"start":{"line":82,"column":0},"end":{"line":82,"column":0}},"83":{"start":{"line":83,"column":0},"end":{"line":83,"column":0}},"84":{"start":{"line":84,"column":0},"end":{"line":84,"column":0}},"85":{"start":{"line":85,"column":0},"end":{"line":85,"column":0}},"86":{"start":{"line":86,"column":0},"end":{"line":86,"column":0}},"87":{"start":{"line":87,"column":0},"end":{"line":87,"column":0}},"88":{"start":{"line":88,"column":0},"end":{"line":88,"column":0}},"89":{"start":{"line":89,"column":0},"end":{"line":89,"column":0}},"90":{"start":{"line":90,"column":0},"end":{"line":90,"column":0}},"91":{"start":{"line":91,"column":0},"end":{"line":91,"column":0}},"92":{"start":{"line":92,"column":0},"end":{"line":92,"column":0}},"93":{"start":{"line":93,"column":0},"end":{"line":93,"column":0}},"94":{"start":{"line":94,"column":0},"end":{"line":94,"column":0}},"95":{"start":{"line":95,"column":0},"end":{"line":95,"column":0}},"96":{"start":{"line":96,"column":0},"end":{"line":96,"column":0}},"97":{"start":{"line":97,"column":0},"end":{"line":97,"column":0}},"98":{"start":{"line":98,"column":0},"end":{"line":98,"column":0}},"99":{"start":{"line":99,"column":0},"end":{"line":99,"column":0}},"100":{"start":{"line":100,"column":0},"end":{"line":100,"column":0}},"101":{"start":{"line":101,"column":0},"end":{"line":101,"column":0}},"102":{"start":{"line":102,"column":0},"end":{"line":102,"column":0}},"103":{"start":{"line":103,"column":0},"end":{"line":103,"column":0}},"104":{"start":{"line":104,"column":0},"end":{"line":104,"column":0}},"105":{"start":{"line":105,"column":0},"end":{"line":105,"column":0}},"106":{"start":{"line":106,"column":0},"end":{"line":106,"column":0}},"107":{"start":{"line":107,"column":0},"end":{"line":107,"column":0}},"108":{"start":{"line":108,"column":0},"end":{"line":108,"column":0}},"109":{"start":{"line":109,"column":0},"end":{"line":109,"column":0}},"110":{"start":{"line":110,"column":0},"end":{"line":110,"column":0}},"111":{"start":{"line":111,"column":0},"end":{"line":111,"column":0}},"112":{"start":{"line":112,"column":0},"end":{"line":112,"column":0}},"113":{"start":{"line":113,"column":0},"end":{"line":113,"column":0}},"114":{"start":{"line":114,"column":0},"end":{"line":114,"column":0}},"115":{"start":{"line":115,"column":0},"end":{"line":115,"column":0}},"116":{"start":{"line":116,"column":0},"end":{"line":116,"column":0}},"117":{"start":{"line":117,"column":0},"end":{"line":117,"column":0}},"118":{"start":{"line":118,"column":0},"end":{"line":118,"column":0}},"119":{"start":{"line":119,"column":0},"end":{"line":119,"column":0}},"120":{"start":{"line":120,"column":0},"end":{"line":120,"column":0}},"121":{"start":{"line":121,"column":0},"end":{"line":121,"column":0}},"122":{"start":{"line":122,"column":0},"end":{"line":122,"column":0}},"123":{"start":{"line":123,"column":0},"end":{"line":123,"column":0}},"124":{"start":{"line":124,"column":0},"end":{"line":124,"column":0}},"125":{"start":{"line":125,"column":0},"end":{"line":125,"column":0}},"126":{"start":{"line":126,"column":0},"end":{"line":126,"column":0}},"127":{"start":{"line":127,"column":0},"end":{"line":127,"column":0}},"128":{"start":{"line":128,"column":0},"end":{"line":128,"column":0}},"129":{"start":{"line":129,"column":0},"end":{"line":129,"column":0}},"130":{"start":{"line":130,"column":0},"end":{"line":130,"column":0}},"131":{"start":{"line":131,"column":0},"end":{"line":131,"column":0}},"132":{"start":{"line":132,"column":0},"end":{"line":132,"column":0}},"133":{"start":{"line":133,"column":0},"end":{"line":133,"column":0}},"134":{"start":{"line":134,"column":0},"end":{"line":134,"column":0}},"135":{"start":{"line":135,"column":0},"end":{"line":135,"column":0}},"136":{"start":{"line":136,"column":0},"end":{"line":136,"column":0}},"137":{"start":{"line":137,"column":0},"end":{"line":137,"column":0}},"138":{"start":{"line":138,"column":0},"end":{"line":138,"column":0}},"139":{"start":{"line":139,"column":0},"end":{"line":139,"column":0}},"140":{"start":{"line":140,"column":0},"end":{"line":140,"column":0}},"141":{"start":{"line":141,"column":0},"end":{"line":141,"column":0}},"142":{"start":{"line":142,"column":0},"end":{"line":142,"column":0}},"143":{"start":{"line":143,"column":0},"end":{"line":143,"column":0}},"144":{"start":{"line":144,"column":0},"end":{"line":144,"column":0}},"145":{"start":{"line":145,"column":0},"end":{"line":145,"column":0}},"146":{"start":{"line":146,"column":0},"end":{"line":146,"column":0}},"147":{"start":{"line":147,"column":0},"end":{"line":147,"column":0}},"148":{"start":{"line":148,"column":0},"end":{"line":148,"column":0}},"149":{"start":{"line":149,"column":0},"end":{"line":149,"column":0}},"150":{"start":{"line":150,"column":0},"end":{"line":150,"column":0}},"151":{"start":{"line":151,"column":0},"end":{"line":151,"column":0}},"152":{"start":{"line":152,"column":0},"end":{"line":152,"column":0}},"153":{"start":{"line":153,"column":0},"end":{"line":153,"column":0}},"154":{"start":{"line":154,"column":0},"end":{"line":154,"column":0}},"155":{"start":{"line":155,"column":0},"end":{"line":155,"column":0}},"156":{"start":{"line":156,"column":0},"end":{"line":156,"column":0}},"157":{"start":{"line":157,"column":0},"end":{"line":157,"column":0}},"158":{"start":{"line":158,"column":0},"end":{"line":158,"column":0}},"159":{"start":{"line":159,"column":0},"end":{"line":159,"column":0}},"160":{"start":{"line":160,"column":0},"end":{"line":160,"column":0}},"161":{"start":{"line":161,"column":0},"end":{"line":161,"column":0}},"162":{"start":{"line":162,"column":0},"end":{"line":162,"column":0}},"163":{"start":{"line":163,"column":0},"end":{"line":163,"column":0}},"164":{"start":{"line":164,"column":0},"end":{"line":164,"column":0}},"165":{"start":{"line":165,"column":0},"end":{"line":165,"column":0}},"166":{"start":{"line":166,"column":0},"end":{"line":166,"column":0}},"167":{"start":{"line":167,"column":0},"end":{"line":167,"column":0}},"168":{"start":{"line":168,"column":0},"end":{"line":168,"column":0}},"169":{"start":{"line":169,"column":0},"end":{"line":169,"column":0}},"170":{"start":{"line":170,"column":0},"end":{"line":170,"column":0}},"171":{"start":{"line":171,"column":0},"end":{"line":171,"column":0}},"172":{"start":{"line":172,"column":0},"end":{"line":172,"column":0}},"173":{"start":{"line":173,"column":0},"end":{"line":173,"column":0}},"174":{"start":{"line":174,"column":0},"end":{"line":174,"column":0}},"175":{"start":{"line":175,"column":0},"end":{"line":175,"column":0}},"176":{"start":{"line":176,"column":0},"end":{"line":176,"column":0}},"177":{"start":{"line":177,"column":0},"end":{"line":177,"column":0}},"178":{"start":{"line":178,"column":0},"end":{"line":178,"column":0}},"179":{"start":{"line":179,"column":0},"end":{"line":179,"column":0}},"180":{"start":{"line":180,"column":0},"end":{"line":180,"column":0}},"181":{"start":{"line":181,"column":0},"end":{"line":181,"column":0}},"182":{"start":{"line":182,"column":0},"end":{"line":182,"column":0}},"183":{"start":{"line":183,"column":0},"end":{"line":183,"column":0}},"184":{"start":{"line":184,"column":0},"end":{"line":184,"column":0}},"185":{"start":{"line":185,"column":0},"end":{"line":185,"column":0}},"211":{"start":{"line":211,"column":0},"end":{"line":211,"column":0}},"267":{"start":{"line":267,"column":0},"end":{"line":267,"column":0}},"268":{"start":{"line":268,"column":0},"end":{"line":268,"column":0}}}}
,"no-map/ForgotPasswordController": {"fnMap":{},"branchMap":{},"path":"no-map/ForgotPasswordController","f":{},"b":{},"s":{"15":0,"16":1,"17":1,"18":1,"19":1,"20":1,"21":1,"22":1,"23":1},"statementMap":{"15":{"start":{"line":15,"column":0},"end":{"line":15,"column":0}},"16":{"start":{"line":16,"column":0},"end":{"line":16,"column":0}},"17":{"start":{"line":17,"column":0},"end":{"line":17,"column":0}},"18":{"start":{"line":18,"column":0},"end":{"line":18,"column":0}},"19":{"start":{"line":19,"column":0},"end":{"line":19,"column":0}},"20":{"start":{"line":20,"column":0},"end":{"line":20,"column":0}},"21":{"start":{"line":21,"column":0},"end":{"line":21,"column":0}},"22":{"start":{"line":22,"column":0},"end":{"line":22,"column":0}},"23":{"start":{"line":23,"column":0},"end":{"line":23,"column":0}}}}
,"no-map/ItemMediaObject": {"fnMap":{},"branchMap":{},"path":"no-map/ItemMediaObject","f":{},"b":{},"s":{"1":1,"2":1,"3":1,"4":1,"5":1,"6":1,"7":1,"8":1},"statementMap":{"1":{"start":{"line":1,"column":0},"end":{"line":1,"column":0}},"2":{"start":{"line":2,"column":0},"end":{"line":2,"column":0}},"3":{"start":{"line":3,"column":0},"end":{"line":3,"column":0}},"4":{"start":{"line":4,"column":0},"end":{"line":4,"column":0}},"5":{"start":{"line":5,"column":0},"end":{"line":5,"column":0}},"6":{"start":{"line":6,"column":0},"end":{"line":6,"column":0}},"7":{"start":{"line":7,"column":0},"end":{"line":7,"column":0}},"8":{"start":{"line":8,"column":0},"end":{"line":8,"column":0}}}}
,"no-map/KnowledgeArticleController": {"fnMap":{},"branchMap":{},"path":"no-map/KnowledgeArticleController","f":{},"b":{},"s":{"35":0,"36":0,"37":1,"38":1,"39":1,"40":1,"41":1,"42":1,"43":0,"44":0,"45":1,"46":1,"47":1,"48":1,"49":1,"50":1,"51":1,"52":1,"53":1,"54":1,"55":1,"56":1,"57":1,"58":1,"59":0,"60":1,"61":1,"62":1,"63":1,"64":1,"65":1,"66":1,"67":1,"94":0,"95":0,"115":0,"117":0},"statementMap":{"35":{"start":{"line":35,"column":0},"end":{"line":35,"column":0}},"36":{"start":{"line":36,"column":0},"end":{"line":36,"column":0}},"37":{"start":{"line":37,"column":0},"end":{"line":37,"column":0}},"38":{"start":{"line":38,"column":0},"end":{"line":38,"column":0}},"39":{"start":{"line":39,"column":0},"end":{"line":39,"column":0}},"40":{"start":{"line":40,"column":0},"end":{"line":40,"column":0}},"41":{"start":{"line":41,"column":0},"end":{"line":41,"column":0}},"42":{"start":{"line":42,"column":0},"end":{"line":42,"column":0}},"43":{"start":{"line":43,"column":0},"end":{"line":43,"column":0}},"44":{"start":{"line":44,"column":0},"end":{"line":44,"column":0}},"45":{"start":{"line":45,"column":0},"end":{"line":45,"column":0}},"46":{"start":{"line":46,"column":0},"end":{"line":46,"column":0}},"47":{"start":{"line":47,"column":0},"end":{"line":47,"column":0}},"48":{"start":{"line":48,"column":0},"end":{"line":48,"column":0}},"49":{"start":{"line":49,"column":0},"end":{"line":49,"column":0}},"50":{"start":{"line":50,"column":0},"end":{"line":50,"column":0}},"51":{"start":{"line":51,"column":0},"end":{"line":51,"column":0}},"52":{"start":{"line":52,"column":0},"end":{"line":52,"column":0}},"53":{"start":{"line":53,"column":0},"end":{"line":53,"column":0}},"54":{"start":{"line":54,"column":0},"end":{"line":54,"column":0}},"55":{"start":{"line":55,"column":0},"end":{"line":55,"column":0}},"56":{"start":{"line":56,"column":0},"end":{"line":56,"column":0}},"57":{"start":{"line":57,"column":0},"end":{"line":57,"column":0}},"58":{"start":{"line":58,"column":0},"end":{"line":58,"column":0}},"59":{"start":{"line":59,"column":0},"end":{"line":59,"column":0}},"60":{"start":{"line":60,"column":0},"end":{"line":60,"column":0}},"61":{"start":{"line":61,"column":0},"end":{"line":61,"column":0}},"62":{"start":{"line":62,"column":0},"end":{"line":62,"column":0}},"63":{"start":{"line":63,"column":0},"end":{"line":63,"column":0}},"64":{"start":{"line":64,"column":0},"end":{"line":64,"column":0}},"65":{"start":{"line":65,"column":0},"end":{"line":65,"column":0}},"66":{"start":{"line":66,"column":0},"end":{"line":66,"column":0}},"67":{"start":{"line":67,"column":0},"end":{"line":67,"column":0}},"94":{"start":{"line":94,"column":0},"end":{"line":94,"column":0}},"95":{"start":{"line":95,"column":0},"end":{"line":95,"column":0}},"115":{"start":{"line":115,"column":0},"end":{"line":115,"column":0}},"117":{"start":{"line":117,"column":0},"end":{"line":117,"column":0}}}}
,"no-map/KrakenDataTableConfigSelector": {"fnMap":{},"branchMap":{},"path":"no-map/KrakenDataTableConfigSelector","f":{},"b":{},"s":{"1":1,"2":1,"3":1,"4":1,"5":1,"6":1,"7":1,"8":1},"statementMap":{"1":{"start":{"line":1,"column":0},"end":{"line":1,"column":0}},"2":{"start":{"line":2,"column":0},"end":{"line":2,"column":0}},"3":{"start":{"line":3,"column":0},"end":{"line":3,"column":0}},"4":{"start":{"line":4,"column":0},"end":{"line":4,"column":0}},"5":{"start":{"line":5,"column":0},"end":{"line":5,"column":0}},"6":{"start":{"line":6,"column":0},"end":{"line":6,"column":0}},"7":{"start":{"line":7,"column":0},"end":{"line":7,"column":0}},"8":{"start":{"line":8,"column":0},"end":{"line":8,"column":0}}}}
,"no-map/KrakenDataTableController": {"fnMap":{},"branchMap":{},"path":"no-map/KrakenDataTableController","f":{},"b":{},"s":{"1":1,"2":1,"3":1,"4":1,"5":1,"6":1,"7":1,"8":1,"9":1,"10":1,"11":1,"12":1,"13":1,"14":1,"15":1,"16":1,"17":1,"18":1,"19":1,"20":1,"21":1,"22":1,"23":1,"24":1,"25":1,"26":1,"27":1,"28":1,"29":1,"30":1,"31":1,"32":1,"33":1,"34":1,"35":1,"36":1,"37":1,"38":1,"39":1,"40":1,"41":1,"42":1,"43":1,"44":1,"45":1,"46":1,"47":1,"48":1,"49":1,"50":1,"51":1,"52":1,"53":1,"54":1,"55":1,"56":1,"57":1,"58":1,"59":1,"60":1,"61":1,"62":1,"63":1,"64":1,"65":1,"66":1,"67":1,"68":1,"69":1,"70":1,"71":1,"72":1,"73":1,"74":1,"75":1,"76":1,"77":1,"78":1,"79":1,"80":1,"81":1,"82":1,"83":1,"84":1,"85":1,"86":1,"87":1,"88":1,"89":1,"90":1,"91":1,"92":1,"93":1,"94":1,"95":1,"96":1,"97":1,"98":1,"99":1,"100":1,"101":1,"102":1,"103":1,"104":1,"105":1,"106":1,"107":1,"108":1,"109":1,"110":1},"statementMap":{"1":{"start":{"line":1,"column":0},"end":{"line":1,"column":0}},"2":{"start":{"line":2,"column":0},"end":{"line":2,"column":0}},"3":{"start":{"line":3,"column":0},"end":{"line":3,"column":0}},"4":{"start":{"line":4,"column":0},"end":{"line":4,"column":0}},"5":{"start":{"line":5,"column":0},"end":{"line":5,"column":0}},"6":{"start":{"line":6,"column":0},"end":{"line":6,"column":0}},"7":{"start":{"line":7,"column":0},"end":{"line":7,"column":0}},"8":{"start":{"line":8,"column":0},"end":{"line":8,"column":0}},"9":{"start":{"line":9,"column":0},"end":{"line":9,"column":0}},"10":{"start":{"line":10,"column":0},"end":{"line":10,"column":0}},"11":{"start":{"line":11,"column":0},"end":{"line":11,"column":0}},"12":{"start":{"line":12,"column":0},"end":{"line":12,"column":0}},"13":{"start":{"line":13,"column":0},"end":{"line":13,"column":0}},"14":{"start":{"line":14,"column":0},"end":{"line":14,"column":0}},"15":{"start":{"line":15,"column":0},"end":{"line":15,"column":0}},"16":{"start":{"line":16,"column":0},"end":{"line":16,"column":0}},"17":{"start":{"line":17,"column":0},"end":{"line":17,"column":0}},"18":{"start":{"line":18,"column":0},"end":{"line":18,"column":0}},"19":{"start":{"line":19,"column":0},"end":{"line":19,"column":0}},"20":{"start":{"line":20,"column":0},"end":{"line":20,"column":0}},"21":{"start":{"line":21,"column":0},"end":{"line":21,"column":0}},"22":{"start":{"line":22,"column":0},"end":{"line":22,"column":0}},"23":{"start":{"line":23,"column":0},"end":{"line":23,"column":0}},"24":{"start":{"line":24,"column":0},"end":{"line":24,"column":0}},"25":{"start":{"line":25,"column":0},"end":{"line":25,"column":0}},"26":{"start":{"line":26,"column":0},"end":{"line":26,"column":0}},"27":{"start":{"line":27,"column":0},"end":{"line":27,"column":0}},"28":{"start":{"line":28,"column":0},"end":{"line":28,"column":0}},"29":{"start":{"line":29,"column":0},"end":{"line":29,"column":0}},"30":{"start":{"line":30,"column":0},"end":{"line":30,"column":0}},"31":{"start":{"line":31,"column":0},"end":{"line":31,"column":0}},"32":{"start":{"line":32,"column":0},"end":{"line":32,"column":0}},"33":{"start":{"line":33,"column":0},"end":{"line":33,"column":0}},"34":{"start":{"line":34,"column":0},"end":{"line":34,"column":0}},"35":{"start":{"line":35,"column":0},"end":{"line":35,"column":0}},"36":{"start":{"line":36,"column":0},"end":{"line":36,"column":0}},"37":{"start":{"line":37,"column":0},"end":{"line":37,"column":0}},"38":{"start":{"line":38,"column":0},"end":{"line":38,"column":0}},"39":{"start":{"line":39,"column":0},"end":{"line":39,"column":0}},"40":{"start":{"line":40,"column":0},"end":{"line":40,"column":0}},"41":{"start":{"line":41,"column":0},"end":{"line":41,"column":0}},"42":{"start":{"line":42,"column":0},"end":{"line":42,"column":0}},"43":{"start":{"line":43,"column":0},"end":{"line":43,"column":0}},"44":{"start":{"line":44,"column":0},"end":{"line":44,"column":0}},"45":{"start":{"line":45,"column":0},"end":{"line":45,"column":0}},"46":{"start":{"line":46,"column":0},"end":{"line":46,"column":0}},"47":{"start":{"line":47,"column":0},"end":{"line":47,"column":0}},"48":{"start":{"line":48,"column":0},"end":{"line":48,"column":0}},"49":{"start":{"line":49,"column":0},"end":{"line":49,"column":0}},"50":{"start":{"line":50,"column":0},"end":{"line":50,"column":0}},"51":{"start":{"line":51,"column":0},"end":{"line":51,"column":0}},"52":{"start":{"line":52,"column":0},"end":{"line":52,"column":0}},"53":{"start":{"line":53,"column":0},"end":{"line":53,"column":0}},"54":{"start":{"line":54,"column":0},"end":{"line":54,"column":0}},"55":{"start":{"line":55,"column":0},"end":{"line":55,"column":0}},"56":{"start":{"line":56,"column":0},"end":{"line":56,"column":0}},"57":{"start":{"line":57,"column":0},"end":{"line":57,"column":0}},"58":{"start":{"line":58,"column":0},"end":{"line":58,"column":0}},"59":{"start":{"line":59,"column":0},"end":{"line":59,"column":0}},"60":{"start":{"line":60,"column":0},"end":{"line":60,"column":0}},"61":{"start":{"line":61,"column":0},"end":{"line":61,"column":0}},"62":{"start":{"line":62,"column":0},"end":{"line":62,"column":0}},"63":{"start":{"line":63,"column":0},"end":{"line":63,"column":0}},"64":{"start":{"line":64,"column":0},"end":{"line":64,"column":0}},"65":{"start":{"line":65,"column":0},"end":{"line":65,"column":0}},"66":{"start":{"line":66,"column":0},"end":{"line":66,"column":0}},"67":{"start":{"line":67,"column":0},"end":{"line":67,"column":0}},"68":{"start":{"line":68,"column":0},"end":{"line":68,"column":0}},"69":{"start":{"line":69,"column":0},"end":{"line":69,"column":0}},"70":{"start":{"line":70,"column":0},"end":{"line":70,"column":0}},"71":{"start":{"line":71,"column":0},"end":{"line":71,"column":0}},"72":{"start":{"line":72,"column":0},"end":{"line":72,"column":0}},"73":{"start":{"line":73,"column":0},"end":{"line":73,"column":0}},"74":{"start":{"line":74,"column":0},"end":{"line":74,"column":0}},"75":{"start":{"line":75,"column":0},"end":{"line":75,"column":0}},"76":{"start":{"line":76,"column":0},"end":{"line":76,"column":0}},"77":{"start":{"line":77,"column":0},"end":{"line":77,"column":0}},"78":{"start":{"line":78,"column":0},"end":{"line":78,"column":0}},"79":{"start":{"line":79,"column":0},"end":{"line":79,"column":0}},"80":{"start":{"line":80,"column":0},"end":{"line":80,"column":0}},"81":{"start":{"line":81,"column":0},"end":{"line":81,"column":0}},"82":{"start":{"line":82,"column":0},"end":{"line":82,"column":0}},"83":{"start":{"line":83,"column":0},"end":{"line":83,"column":0}},"84":{"start":{"line":84,"column":0},"end":{"line":84,"column":0}},"85":{"start":{"line":85,"column":0},"end":{"line":85,"column":0}},"86":{"start":{"line":86,"column":0},"end":{"line":86,"column":0}},"87":{"start":{"line":87,"column":0},"end":{"line":87,"column":0}},"88":{"start":{"line":88,"column":0},"end":{"line":88,"column":0}},"89":{"start":{"line":89,"column":0},"end":{"line":89,"column":0}},"90":{"start":{"line":90,"column":0},"end":{"line":90,"column":0}},"91":{"start":{"line":91,"column":0},"end":{"line":91,"column":0}},"92":{"start":{"line":92,"column":0},"end":{"line":92,"column":0}},"93":{"start":{"line":93,"column":0},"end":{"line":93,"column":0}},"94":{"start":{"line":94,"column":0},"end":{"line":94,"column":0}},"95":{"start":{"line":95,"column":0},"end":{"line":95,"column":0}},"96":{"start":{"line":96,"column":0},"end":{"line":96,"column":0}},"97":{"start":{"line":97,"column":0},"end":{"line":97,"column":0}},"98":{"start":{"line":98,"column":0},"end":{"line":98,"column":0}},"99":{"start":{"line":99,"column":0},"end":{"line":99,"column":0}},"100":{"start":{"line":100,"column":0},"end":{"line":100,"column":0}},"101":{"start":{"line":101,"column":0},"end":{"line":101,"column":0}},"102":{"start":{"line":102,"column":0},"end":{"line":102,"column":0}},"103":{"start":{"line":103,"column":0},"end":{"line":103,"column":0}},"104":{"start":{"line":104,"column":0},"end":{"line":104,"column":0}},"105":{"start":{"line":105,"column":0},"end":{"line":105,"column":0}},"106":{"start":{"line":106,"column":0},"end":{"line":106,"column":0}},"107":{"start":{"line":107,"column":0},"end":{"line":107,"column":0}},"108":{"start":{"line":108,"column":0},"end":{"line":108,"column":0}},"109":{"start":{"line":109,"column":0},"end":{"line":109,"column":0}},"110":{"start":{"line":110,"column":0},"end":{"line":110,"column":0}}}}
,"no-map/LightningForgotPasswordController": {"fnMap":{},"branchMap":{},"path":"no-map/LightningForgotPasswordController","f":{},"b":{},"s":{"15":0,"16":0,"17":1,"18":1,"19":1,"20":1,"21":1,"22":1,"23":1,"24":0,"25":1,"26":0,"27":0,"28":0,"29":1,"30":0,"31":0,"32":0},"statementMap":{"15":{"start":{"line":15,"column":0},"end":{"line":15,"column":0}},"16":{"start":{"line":16,"column":0},"end":{"line":16,"column":0}},"17":{"start":{"line":17,"column":0},"end":{"line":17,"column":0}},"18":{"start":{"line":18,"column":0},"end":{"line":18,"column":0}},"19":{"start":{"line":19,"column":0},"end":{"line":19,"column":0}},"20":{"start":{"line":20,"column":0},"end":{"line":20,"column":0}},"21":{"start":{"line":21,"column":0},"end":{"line":21,"column":0}},"22":{"start":{"line":22,"column":0},"end":{"line":22,"column":0}},"23":{"start":{"line":23,"column":0},"end":{"line":23,"column":0}},"24":{"start":{"line":24,"column":0},"end":{"line":24,"column":0}},"25":{"start":{"line":25,"column":0},"end":{"line":25,"column":0}},"26":{"start":{"line":26,"column":0},"end":{"line":26,"column":0}},"27":{"start":{"line":27,"column":0},"end":{"line":27,"column":0}},"28":{"start":{"line":28,"column":0},"end":{"line":28,"column":0}},"29":{"start":{"line":29,"column":0},"end":{"line":29,"column":0}},"30":{"start":{"line":30,"column":0},"end":{"line":30,"column":0}},"31":{"start":{"line":31,"column":0},"end":{"line":31,"column":0}},"32":{"start":{"line":32,"column":0},"end":{"line":32,"column":0}}}}
,"no-map/LightningLoginFormController": {"fnMap":{},"branchMap":{},"path":"no-map/LightningLoginFormController","f":{},"b":{},"s":{"8":0,"9":0,"10":0,"11":0,"12":0,"13":1,"14":0,"15":0,"16":1,"17":1,"18":1,"19":1,"20":1,"21":1,"22":1,"23":1,"24":1,"25":1,"26":1,"27":1,"28":1,"29":1,"30":1,"31":1,"32":1,"33":1,"34":1,"35":0,"36":1,"37":1,"38":1,"39":1,"40":1,"41":0,"42":0,"43":0,"54":0,"56":0,"57":0,"58":0,"60":0,"61":0,"62":0},"statementMap":{"8":{"start":{"line":8,"column":0},"end":{"line":8,"column":0}},"9":{"start":{"line":9,"column":0},"end":{"line":9,"column":0}},"10":{"start":{"line":10,"column":0},"end":{"line":10,"column":0}},"11":{"start":{"line":11,"column":0},"end":{"line":11,"column":0}},"12":{"start":{"line":12,"column":0},"end":{"line":12,"column":0}},"13":{"start":{"line":13,"column":0},"end":{"line":13,"column":0}},"14":{"start":{"line":14,"column":0},"end":{"line":14,"column":0}},"15":{"start":{"line":15,"column":0},"end":{"line":15,"column":0}},"16":{"start":{"line":16,"column":0},"end":{"line":16,"column":0}},"17":{"start":{"line":17,"column":0},"end":{"line":17,"column":0}},"18":{"start":{"line":18,"column":0},"end":{"line":18,"column":0}},"19":{"start":{"line":19,"column":0},"end":{"line":19,"column":0}},"20":{"start":{"line":20,"column":0},"end":{"line":20,"column":0}},"21":{"start":{"line":21,"column":0},"end":{"line":21,"column":0}},"22":{"start":{"line":22,"column":0},"end":{"line":22,"column":0}},"23":{"start":{"line":23,"column":0},"end":{"line":23,"column":0}},"24":{"start":{"line":24,"column":0},"end":{"line":24,"column":0}},"25":{"start":{"line":25,"column":0},"end":{"line":25,"column":0}},"26":{"start":{"line":26,"column":0},"end":{"line":26,"column":0}},"27":{"start":{"line":27,"column":0},"end":{"line":27,"column":0}},"28":{"start":{"line":28,"column":0},"end":{"line":28,"column":0}},"29":{"start":{"line":29,"column":0},"end":{"line":29,"column":0}},"30":{"start":{"line":30,"column":0},"end":{"line":30,"column":0}},"31":{"start":{"line":31,"column":0},"end":{"line":31,"column":0}},"32":{"start":{"line":32,"column":0},"end":{"line":32,"column":0}},"33":{"start":{"line":33,"column":0},"end":{"line":33,"column":0}},"34":{"start":{"line":34,"column":0},"end":{"line":34,"column":0}},"35":{"start":{"line":35,"column":0},"end":{"line":35,"column":0}},"36":{"start":{"line":36,"column":0},"end":{"line":36,"column":0}},"37":{"start":{"line":37,"column":0},"end":{"line":37,"column":0}},"38":{"start":{"line":38,"column":0},"end":{"line":38,"column":0}},"39":{"start":{"line":39,"column":0},"end":{"line":39,"column":0}},"40":{"start":{"line":40,"column":0},"end":{"line":40,"column":0}},"41":{"start":{"line":41,"column":0},"end":{"line":41,"column":0}},"42":{"start":{"line":42,"column":0},"end":{"line":42,"column":0}},"43":{"start":{"line":43,"column":0},"end":{"line":43,"column":0}},"54":{"start":{"line":54,"column":0},"end":{"line":54,"column":0}},"56":{"start":{"line":56,"column":0},"end":{"line":56,"column":0}},"57":{"start":{"line":57,"column":0},"end":{"line":57,"column":0}},"58":{"start":{"line":58,"column":0},"end":{"line":58,"column":0}},"60":{"start":{"line":60,"column":0},"end":{"line":60,"column":0}},"61":{"start":{"line":61,"column":0},"end":{"line":61,"column":0}},"62":{"start":{"line":62,"column":0},"end":{"line":62,"column":0}}}}
,"no-map/LightningSelfRegisterController": {"fnMap":{},"branchMap":{},"path":"no-map/LightningSelfRegisterController","f":{},"b":{},"s":{"21":0,"22":1,"23":1,"24":1,"25":1,"26":1,"27":1,"28":1,"29":1,"30":1,"31":1,"32":1,"33":1,"34":1,"35":1,"36":1,"37":1,"38":1,"39":1,"40":1,"41":1,"42":1,"43":1,"44":1,"45":1,"46":1,"47":1,"48":1,"49":1,"50":1,"51":0,"52":1,"53":1,"54":1,"55":1,"56":1,"57":1,"58":1,"59":1,"60":1,"61":1,"62":1,"63":1,"64":1,"65":1,"66":1,"67":1,"68":1,"69":1,"70":1,"71":1,"72":1,"73":1,"74":1,"75":1,"76":1,"77":1,"78":1,"79":1,"80":1,"81":1,"82":1,"83":1,"84":1,"85":1,"86":1,"87":0,"88":1,"89":1,"90":1,"91":1,"92":1,"93":0,"94":1,"95":1,"96":1,"97":1,"111":0,"112":0,"113":0,"114":0,"115":0,"116":0,"117":0,"118":0,"119":0,"120":0,"126":0,"128":0,"129":0,"130":0,"132":0,"133":0,"134":0},"statementMap":{"21":{"start":{"line":21,"column":0},"end":{"line":21,"column":0}},"22":{"start":{"line":22,"column":0},"end":{"line":22,"column":0}},"23":{"start":{"line":23,"column":0},"end":{"line":23,"column":0}},"24":{"start":{"line":24,"column":0},"end":{"line":24,"column":0}},"25":{"start":{"line":25,"column":0},"end":{"line":25,"column":0}},"26":{"start":{"line":26,"column":0},"end":{"line":26,"column":0}},"27":{"start":{"line":27,"column":0},"end":{"line":27,"column":0}},"28":{"start":{"line":28,"column":0},"end":{"line":28,"column":0}},"29":{"start":{"line":29,"column":0},"end":{"line":29,"column":0}},"30":{"start":{"line":30,"column":0},"end":{"line":30,"column":0}},"31":{"start":{"line":31,"column":0},"end":{"line":31,"column":0}},"32":{"start":{"line":32,"column":0},"end":{"line":32,"column":0}},"33":{"start":{"line":33,"column":0},"end":{"line":33,"column":0}},"34":{"start":{"line":34,"column":0},"end":{"line":34,"column":0}},"35":{"start":{"line":35,"column":0},"end":{"line":35,"column":0}},"36":{"start":{"line":36,"column":0},"end":{"line":36,"column":0}},"37":{"start":{"line":37,"column":0},"end":{"line":37,"column":0}},"38":{"start":{"line":38,"column":0},"end":{"line":38,"column":0}},"39":{"start":{"line":39,"column":0},"end":{"line":39,"column":0}},"40":{"start":{"line":40,"column":0},"end":{"line":40,"column":0}},"41":{"start":{"line":41,"column":0},"end":{"line":41,"column":0}},"42":{"start":{"line":42,"column":0},"end":{"line":42,"column":0}},"43":{"start":{"line":43,"column":0},"end":{"line":43,"column":0}},"44":{"start":{"line":44,"column":0},"end":{"line":44,"column":0}},"45":{"start":{"line":45,"column":0},"end":{"line":45,"column":0}},"46":{"start":{"line":46,"column":0},"end":{"line":46,"column":0}},"47":{"start":{"line":47,"column":0},"end":{"line":47,"column":0}},"48":{"start":{"line":48,"column":0},"end":{"line":48,"column":0}},"49":{"start":{"line":49,"column":0},"end":{"line":49,"column":0}},"50":{"start":{"line":50,"column":0},"end":{"line":50,"column":0}},"51":{"start":{"line":51,"column":0},"end":{"line":51,"column":0}},"52":{"start":{"line":52,"column":0},"end":{"line":52,"column":0}},"53":{"start":{"line":53,"column":0},"end":{"line":53,"column":0}},"54":{"start":{"line":54,"column":0},"end":{"line":54,"column":0}},"55":{"start":{"line":55,"column":0},"end":{"line":55,"column":0}},"56":{"start":{"line":56,"column":0},"end":{"line":56,"column":0}},"57":{"start":{"line":57,"column":0},"end":{"line":57,"column":0}},"58":{"start":{"line":58,"column":0},"end":{"line":58,"column":0}},"59":{"start":{"line":59,"column":0},"end":{"line":59,"column":0}},"60":{"start":{"line":60,"column":0},"end":{"line":60,"column":0}},"61":{"start":{"line":61,"column":0},"end":{"line":61,"column":0}},"62":{"start":{"line":62,"column":0},"end":{"line":62,"column":0}},"63":{"start":{"line":63,"column":0},"end":{"line":63,"column":0}},"64":{"start":{"line":64,"column":0},"end":{"line":64,"column":0}},"65":{"start":{"line":65,"column":0},"end":{"line":65,"column":0}},"66":{"start":{"line":66,"column":0},"end":{"line":66,"column":0}},"67":{"start":{"line":67,"column":0},"end":{"line":67,"column":0}},"68":{"start":{"line":68,"
[...]
,"no-map/WoWCharacter": {"fnMap":{},"branchMap":{},"path":"no-map/WoWCharacter","f":{},"b":{},"s":{"30":0,"31":1,"32":1,"33":1,"34":1,"35":1,"36":1,"37":1,"38":1,"39":1,"40":1,"41":1,"42":1,"43":1,"44":1,"45":1,"46":1,"47":1,"48":1,"49":1,"50":1,"51":1,"52":1,"53":1,"54":1,"55":1,"56":1,"57":1,"58":1,"59":1,"60":1,"61":1,"62":1,"63":1,"64":1,"65":1,"66":1,"67":1,"68":1,"69":1,"70":1,"71":1,"72":1,"73":1,"74":1,"75":1,"76":1,"77":1,"78":1,"79":1,"80":1,"81":1,"82":1,"83":1,"84":1,"85":1,"86":1,"87":1,"88":1,"89":1,"90":1,"91":1,"92":1,"93":1,"94":1,"95":1,"96":1,"97":1,"98":1,"99":1,"100":1,"101":1,"102":1,"103":1,"104":1,"105":1,"106":1,"107":1,"108":1,"109":1,"110":1,"111":1,"112":1,"113":1,"114":1,"115":1,"116":1,"117":1,"118":1,"119":1,"120":1,"121":1,"122":1,"123":1,"124":1,"125":1,"126":1,"127":1,"128":1,"129":1,"130":1,"131":1,"132":1,"133":1,"134":1,"135":1,"136":1,"137":1,"138":1,"139":1,"140":1,"141":1,"142":1,"143":1,"144":1,"145":1,"146":1,"147":1,"148":1,"149":0,"150":1,"151":1,"152":1,"153":1,"154":1,"155":1,"156":1},"statementMap":{"30":{"start":{"line":30,"column":0},"end":{"line":30,"column":0}},"31":{"start":{"line":31,"column":0},"end":{"line":31,"column":0}},"32":{"start":{"line":32,"column":0},"end":{"line":32,"column":0}},"33":{"start":{"line":33,"column":0},"end":{"line":33,"column":0}},"34":{"start":{"line":34,"column":0},"end":{"line":34,"column":0}},"35":{"start":{"line":35,"column":0},"end":{"line":35,"column":0}},"36":{"start":{"line":36,"column":0},"end":{"line":36,"column":0}},"37":{"start":{"line":37,"column":0},"end":{"line":37,"column":0}},"38":{"start":{"line":38,"column":0},"end":{"line":38,"column":0}},"39":{"start":{"line":39,"column":0},"end":{"line":39,"column":0}},"40":{"start":{"line":40,"column":0},"end":{"line":40,"column":0}},"41":{"start":{"line":41,"column":0},"end":{"line":41,"column":0}},"42":{"start":{"line":42,"column":0},"end":{"line":42,"column":0}},"43":{"start":{"line":43,"column":0},"end":{"line":43,"column":0}},"44":{"start":{"line":44,"column":0},"end":{"line":44,"column":0}},"45":{"start":{"line":45,"column":0},"end":{"line":45,"column":0}},"46":{"start":{"line":46,"column":0},"end":{"line":46,"column":0}},"47":{"start":{"line":47,"column":0},"end":{"line":47,"column":0}},"48":{"start":{"line":48,"column":0},"end":{"line":48,"column":0}},"49":{"start":{"line":49,"column":0},"end":{"line":49,"column":0}},"50":{"start":{"line":50,"column":0},"end":{"line":50,"column":0}},"51":{"start":{"line":51,"column":0},"end":{"line":51,"column":0}},"52":{"start":{"line":52,"column":0},"end":{"line":52,"column":0}},"53":{"start":{"line":53,"column":0},"end":{"line":53,"column":0}},"54":{"start":{"line":54,"column":0},"end":{"line":54,"column":0}},"55":{"start":{"line":55,"column":0},"end":{"line":55,"column":0}},"56":{"start":{"line":56,"column":0},"end":{"line":56,"column":0}},"57":{"start":{"line":57,"column":0},"end":{"line":57,"column":0}},"58":{"start":{"line":58,"column":0},"end":{"line":58,"column":0}},"59":{"start":{"line":59,"column":0},"end":{"line":59,"column":0}},"60":{"start":{"line":60,"column":0},"end":{"line":60,"column":0}},"61":{"start":{"line":61,"column":0},"end":{"line":61,"column":0}},"62":{"start":{"line":62,"column":0},"end":{"line":62,"column":0}},"63":{"start":{"line":63,"column":0},"end":{"line":63,"column":0}},"64":{"start":{"line":64,"column":0},"end":{"line":64,"column":0}},"65":{"start":{"line":65,"column":0},"end":{"line":65,"column":0}},"66":{"start":{"line":66,"column":0},"end":{"line":66,"column":0}},"67":{"start":{"line":67,"column":0},"end":{"line":67,"column":0}},"68":{"start":{"line":68,"column":0},"end":{"line":68,"column":0}},"69":{"start":{"line":69,"column":0},"end":{"line":69,"column":0}},"70":{"start":{"line":70,"column":0},"end":{"line":70,"column":0}},"71":{"start":{"line":71,"column":0},"end":{"line":71,"column":0}},"72":{"start":{"line":72,"column":0},"end":{"line":72,"column":0}},"73":{"start":{"line":73,"column":0},"end":{"line":73,"column":0}},"74":{"start":{"line":74,"column":0},"end":{"line":74,"column":0}},"75":{"start":{"line":75,"column":0},"end":{"line":75,"column":0}},"76":{"start":{"line":76,"column":0},"end":{"line":76,"column":0}},"77":{"start":{"line":77,"column":0},"end":{"line":77,"column":0}},"78":{"start":{"line":78,"column":0},"end":{"line":78,"column":0}},"79":{"start":{"line":79,"column":0},"end":{"line":79,"column":0}},"80":{"start":{"line":80,"column":0},"end":{"line":80,"column":0}},"81":{"start":{"line":81,"column":0},"end":{"line":81,"column":0}},"82":{"start":{"line":82,"column":0},"end":{"line":82,"column":0}},"83":{"start":{"line":83,"column":0},"end":{"line":83,"column":0}},"84":{"start":{"line":84,"column":0},"end":{"line":84,"column":0}},"85":{"start":{"line":85,"column":0},"end":{"line":85,"column":0}},"86":{"start":{"line":86,"column":0},"end":{"line":86,"column":0}},"87":{"start":{"line":87,"column":0},"end":{"line":87,"column":0}},"88":{"start":{"line":88,"column":0},"end":{"line":88,"column":0}},"89":{"start":{"line":89,"column":0},"end":{"line":89,"column":0}},"90":{"start":{"line":90,"column":0},"end":{"line":90,"column":0}},"91":{"start":{"line":91,"column":0},"end":{"line":91,"column":0}},"92":{"start":{"line":92,"column":0},"end":{"line":92,"column":0}},"93":{"start":{"line":93,"column":0},"end":{"line":93,"column":0}},"94":{"start":{"line":94,"column":0},"end":{"line":94,"column":0}},"95":{"start":{"line":95,"column":0},"end":{"line":95,"column":0}},"96":{"start":{"line":96,"column":0},"end":{"line":96,"column":0}},"97":{"start":{"line":97,"column":0},"end":{"line":97,"column":0}},"98":{"start":{"line":98,"column":0},"end":{"line":98,"column":0}},"99":{"start":{"line":99,"column":0},"end":{"line":99,"column":0}},"100":{"start":{"line":100,"column":0},"end":{"line":100,"column":0}},"101":{"start":{"line":101,"column":0},"end":{"line":101,"column":0}},"102":{"start":{"line":102,"column":0},"end":{"line":102,"column":0}},"103":{"start":{"line":103,"column":0},"end":{"line":103,"column":0}},"104":{"start":{"line":104,"column":0},"end":{"line":104,"column":0}},"105":{"start":{"line":105,"column":0},"end":{"line":105,"column":0}},"106":{"start":{"line":106,"column":0},"end":{"line":106,"column":0}},"107":{"start":{"line":107,"column":0},"end":{"line":107,"column":0}},"108":{"start":{"line":108,"column":0},"end":{"line":108,"column":0}},"109":{"start":{"line":109,"column":0},"end":{"line":109,"column":0}},"110":{"start":{"line":110,"column":0},"end":{"line":110,"column":0}},"111":{"start":{"line":111,"column":0},"end":{"line":111,"column":0}},"112":{"start":{"line":112,"column":0},"end":{"line":112,"column":0}},"113":{"start":{"line":113,"column":0},"end":{"line":113,"column":0}},"114":{"start":{"line":114,"column":0},"end":{"line":114,"column":0}},"115":{"start":{"line":115,"column":0},"end":{"line":115,"column":0}},"116":{"start":{"line":116,"column":0},"end":{"line":116,"column":0}},"117":{"start":{"line":117,"column":0},"end":{"line":117,"column":0}},"118":{"start":{"line":118,"column":0},"end":{"line":118,"column":0}},"119":{"start":{"line":119,"column":0},"end":{"line":119,"column":0}},"120":{"start":{"line":120,"column":0},"end":{"line":120,"column":0}},"121":{"start":{"line":121,"column":0},"end":{"line":121,"column":0}},"122":{"start":{"line":122,"column":0},"end":{"line":122,"column":0}},"123":{"start":{"line":123,"column":0},"end":{"line":123,"column":0}},"124":{"start":{"line":124,"column":0},"end":{"line":124,"column":0}},"125":{"start":{"line":125,"column":0},"end":{"line":125,"column":0}},"126":{"start":{"line":126,"column":0},"end":{"line":126,"column":0}},"127":{"start":{"line":127,"column":0},"end":{"line":127,"column":0}},"128":{"start":{"line":128,"column":0},"end":{"line":128,"column":0}},"129":{"start":{"line":129,"column":0},"end":{"line":129,"column":0}},"130":{"start":{"line":130,"column":0},"end":{"line":130,"column":0}},"131":{"start":{"line":131,"column":0},"end":{"line":131,"column":0}},"132":{"start":{"line":132,"column":0},"end":{"line":132,"column":0}},"133":{"start":{"line":133,"column":0},"end":{"line":133,"column":0}},"134":{"start":{"line":134,"column":0},"end":{"line":134,"column":0}},"135":{"start":{"line":135,"column":0},"end":{"line":135,"column":0}},"136":{"start":{"line":136,"column":0},"end":{"line":136,"column":0}},"137":{"start":{"line":137,"column":0},"end":{"line":137,"column":0}},"138":{"start":{"line":138,"column":0},"end":{"line":138,"column":0}},"139":{"start":{"line":139,"column":0},"end":{"line":139,"column":0}},"140":{"start":{"line":140,"column":0},"end":{"line":140,"column":0}},"141":{"start":{"line":141,"column":0},"end":{"line":141,"column":0}},"142":{"start":{"line":142,"column":0},"end":{"line":142,"column":0}},"143":{"start":{"line":143,"column":0},"end":{"line":143,"column":0}},"144":{"start":{"line":144,"column":0},"end":{"line":144,"column":0}},"145":{"start":{"line":145,"column":0},"end":{"line":145,"column":0}},"146":{"start":{"line":146,"column":0},"end":{"line":146,"column":0}},"147":{"start":{"line":147,"column":0},"end":{"line":147,"column":0}},"148":{"start":{"line":148,"column":0},"end":{"line":148,"column":0}},"149":{"start":{"line":149,"column":0},"end":{"line":149,"column":0}},"150":{"start":{"line":150,"column":0},"end":{"line":150,"column":0}},"151":{"start":{"line":151,"column":0},"end":{"line":151,"column":0}},"152":{"start":{"line":152,"column":0},"end":{"line":152,"column":0}},"153":{"start":{"line":153,"column":0},"end":{"line":153,"column":0}},"154":{"start":{"line":154,"column":0},"end":{"line":154,"column":0}},"155":{"start":{"line":155,"column":0},"end":{"line":155,"column":0}},"156":{"start":{"line":156,"column":0},"end":{"line":156,"column":0}}}}
,"no-map/WoWDataAPI": {"fnMap":{},"branchMap":{},"path":"no-map/WoWDataAPI","f":{},"b":{},"s":{"1":1,"2":1,"3":1,"4":1,"5":1,"6":1,"7":1,"8":1,"9":1,"10":1,"11":1,"12":1,"13":1,"14":1,"15":1,"16":1,"17":1,"18":1,"19":1,"20":1},"statementMap":{"1":{"start":{"line":1,"column":0},"end":{"line":1,"column":0}},"2":{"start":{"line":2,"column":0},"end":{"line":2,"column":0}},"3":{"start":{"line":3,"column":0},"end":{"line":3,"column":0}},"4":{"start":{"line":4,"column":0},"end":{"line":4,"column":0}},"5":{"start":{"line":5,"column":0},"end":{"line":5,"column":0}},"6":{"start":{"line":6,"column":0},"end":{"line":6,"column":0}},"7":{"start":{"line":7,"column":0},"end":{"line":7,"column":0}},"8":{"start":{"line":8,"column":0},"end":{"line":8,"column":0}},"9":{"start":{"line":9,"column":0},"end":{"line":9,"column":0}},"10":{"start":{"line":10,"column":0},"end":{"line":10,"column":0}},"11":{"start":{"line":11,"column":0},"end":{"line":11,"column":0}},"12":{"start":{"line":12,"column":0},"end":{"line":12,"column":0}},"13":{"start":{"line":13,"column":0},"end":{"line":13,"column":0}},"14":{"start":{"line":14,"column":0},"end":{"line":14,"column":0}},"15":{"start":{"line":15,"column":0},"end":{"line":15,"column":0}},"16":{"start":{"line":16,"column":0},"end":{"line":16,"column":0}},"17":{"start":{"line":17,"column":0},"end":{"line":17,"column":0}},"18":{"start":{"line":18,"column":0},"end":{"line":18,"column":0}},"19":{"start":{"line":19,"column":0},"end":{"line":19,"column":0}},"20":{"start":{"line":20,"column":0},"end":{"line":20,"column":0}}}}
,"no-map/WoWPlayableClasses": {"fnMap":{},"branchMap":{},"path":"no-map/WoWPlayableClasses","f":{},"b":{},"s":{"18":0,"19":1,"20":1,"21":1,"22":1,"23":1,"24":1,"25":1,"26":1,"27":1,"28":1,"29":1,"30":1,"31":1,"32":1,"33":1,"34":1,"35":1,"36":1,"37":1,"38":1,"39":1,"40":1,"41":1,"42":0},"statementMap":{"18":{"start":{"line":18,"column":0},"end":{"line":18,"column":0}},"19":{"start":{"line":19,"column":0},"end":{"line":19,"column":0}},"20":{"start":{"line":20,"column":0},"end":{"line":20,"column":0}},"21":{"start":{"line":21,"column":0},"end":{"line":21,"column":0}},"22":{"start":{"line":22,"column":0},"end":{"line":22,"column":0}},"23":{"start":{"line":23,"column":0},"end":{"line":23,"column":0}},"24":{"start":{"line":24,"column":0},"end":{"line":24,"column":0}},"25":{"start":{"line":25,"column":0},"end":{"line":25,"column":0}},"26":{"start":{"line":26,"column":0},"end":{"line":26,"column":0}},"27":{"start":{"line":27,"column":0},"end":{"line":27,"column":0}},"28":{"start":{"line":28,"column":0},"end":{"line":28,"column":0}},"29":{"start":{"line":29,"column":0},"end":{"line":29,"column":0}},"30":{"start":{"line":30,"column":0},"end":{"line":30,"column":0}},"31":{"start":{"line":31,"column":0},"end":{"line":31,"column":0}},"32":{"start":{"line":32,"column":0},"end":{"line":32,"column":0}},"33":{"start":{"line":33,"column":0},"end":{"line":33,"column":0}},"34":{"start":{"line":34,"column":0},"end":{"line":34,"column":0}},"35":{"start":{"line":35,"column":0},"end":{"line":35,"column":0}},"36":{"start":{"line":36,"column":0},"end":{"line":36,"column":0}},"37":{"start":{"line":37,"column":0},"end":{"line":37,"column":0}},"38":{"start":{"line":38,"column":0},"end":{"line":38,"column":0}},"39":{"start":{"line":39,"column":0},"end":{"line":39,"column":0}},"40":{"start":{"line":40,"column":0},"end":{"line":40,"column":0}},"41":{"start":{"line":41,"column":0},"end":{"line":41,"column":0}},"42":{"start":{"line":42,"column":0},"end":{"line":42,"column":0}}}}
,"no-map/WoWPlayableRaceClassCombination": {"fnMap":{},"branchMap":{},"path":"no-map/WoWPlayableRaceClassCombination","f":{},"b":{},"s":{"30":0,"31":1,"32":1,"33":1,"34":1,"35":1,"36":1,"37":1,"38":1,"39":1,"40":1,"41":1,"42":1,"43":1,"44":1,"45":1,"46":1,"47":1},"statementMap":{"30":{"start":{"line":30,"column":0},"end":{"line":30,"column":0}},"31":{"start":{"line":31,"column":0},"end":{"line":31,"column":0}},"32":{"start":{"line":32,"column":0},"end":{"line":32,"column":0}},"33":{"start":{"line":33,"column":0},"end":{"line":33,"column":0}},"34":{"start":{"line":34,"column":0},"end":{"line":34,"column":0}},"35":{"start":{"line":35,"column":0},"end":{"line":35,"column":0}},"36":{"start":{"line":36,"column":0},"end":{"line":36,"column":0}},"37":{"start":{"line":37,"column":0},"end":{"line":37,"column":0}},"38":{"start":{"line":38,"column":0},"end":{"line":38,"column":0}},"39":{"start":{"line":39,"column":0},"end":{"line":39,"column":0}},"40":{"start":{"line":40,"column":0},"end":{"line":40,"column":0}},"41":{"start":{"line":41,"column":0},"end":{"line":41,"column":0}},"42":{"start":{"line":42,"column":0},"end":{"line":42,"column":0}},"43":{"start":{"line":43,"column":0},"end":{"line":43,"column":0}},"44":{"start":{"line":44,"column":0},"end":{"line":44,"column":0}},"45":{"start":{"line":45,"column":0},"end":{"line":45,"column":0}},"46":{"start":{"line":46,"column":0},"end":{"line":46,"column":0}},"47":{"start":{"line":47,"column":0},"end":{"line":47,"column":0}}}}
,"no-map/WoWPlayableRaces": {"fnMap":{},"branchMap":{},"path":"no-map/WoWPlayableRaces","f":{},"b":{},"s":{"18":0,"19":1,"20":1,"21":1,"22":1,"23":1,"24":1,"25":1,"26":1,"27":1,"28":1},"statementMap":{"18":{"start":{"line":18,"column":0},"end":{"line":18,"column":0}},"19":{"start":{"line":19,"column":0},"end":{"line":19,"column":0}},"20":{"start":{"line":20,"column":0},"end":{"line":20,"column":0}},"21":{"start":{"line":21,"column":0},"end":{"line":21,"column":0}},"22":{"start":{"line":22,"column":0},"end":{"line":22,"column":0}},"23":{"start":{"line":23,"column":0},"end":{"line":23,"column":0}},"24":{"start":{"line":24,"column":0},"end":{"line":24,"column":0}},"25":{"start":{"line":25,"column":0},"end":{"line":25,"column":0}},"26":{"start":{"line":26,"column":0},"end":{"line":26,"column":0}},"27":{"start":{"line":27,"column":0},"end":{"line":27,"column":0}},"28":{"start":{"line":28,"column":0},"end":{"line":28,"column":0}}}}
,"no-map/WoWProfileAPI": {"fnMap":{},"branchMap":{},"path":"no-map/WoWProfileAPI","f":{},"b":{},"s":{"1":1,"2":1,"3":1,"4":1,"5":1,"6":1,"7":1,"8":1,"9":1,"10":1,"11":1,"12":1,"13":1,"14":1,"15":1,"16":1,"17":1,"18":1,"19":1,"20":1},"statementMap":{"1":{"start":{"line":1,"column":0},"end":{"line":1,"column":0}},"2":{"start":{"line":2,"column":0},"end":{"line":2,"column":0}},"3":{"start":{"line":3,"column":0},"end":{"line":3,"column":0}},"4":{"start":{"line":4,"column":0},"end":{"line":4,"column":0}},"5":{"start":{"line":5,"column":0},"end":{"line":5,"column":0}},"6":{"start":{"line":6,"column":0},"end":{"line":6,"column":0}},"7":{"start":{"line":7,"column":0},"end":{"line":7,"column":0}},"8":{"start":{"line":8,"column":0},"end":{"line":8,"column":0}},"9":{"start":{"line":9,"column":0},"end":{"line":9,"column":0}},"10":{"start":{"line":10,"column":0},"end":{"line":10,"column":0}},"11":{"start":{"line":11,"column":0},"end":{"line":11,"column":0}},"12":{"start":{"line":12,"column":0},"end":{"line":12,"column":0}},"13":{"start":{"line":13,"column":0},"end":{"line":13,"column":0}},"14":{"start":{"line":14,"column":0},"end":{"line":14,"column":0}},"15":{"start":{"line":15,"column":0},"end":{"line":15,"column":0}},"16":{"start":{"line":16,"column":0},"end":{"line":16,"column":0}},"17":{"start":{"line":17,"column":0},"end":{"line":17,"column":0}},"18":{"start":{"line":18,"column":0},"end":{"line":18,"column":0}},"19":{"start":{"line":19,"column":0},"end":{"line":19,"column":0}},"20":{"start":{"line":20,"column":0},"end":{"line":20,"column":0}}}}
,"no-map/WoWRealms": {"fnMap":{},"branchMap":{},"path":"no-map/WoWRealms","f":{},"b":{},"s":{"18":0,"19":1,"20":1,"21":1,"22":1,"23":1,"24":1,"25":1,"26":1,"27":1,"28":1},"statementMap":{"18":{"start":{"line":18,"column":0},"end":{"line":18,"column":0}},"19":{"start":{"line":19,"column":0},"end":{"line":19,"column":0}},"20":{"start":{"line":20,"column":0},"end":{"line":20,"column":0}},"21":{"start":{"line":21,"column":0},"end":{"line":21,"column":0}},"22":{"start":{"line":22,"column":0},"end":{"line":22,"column":0}},"23":{"start":{"line":23,"column":0},"end":{"line":23,"column":0}},"24":{"start":{"line":24,"column":0},"end":{"line":24,"column":0}},"25":{"start":{"line":25,"column":0},"end":{"line":25,"column":0}},"26":{"start":{"line":26,"column":0},"end":{"line":26,"column":0}},"27":{"start":{"line":27,"column":0},"end":{"line":27,"column":0}},"28":{"start":{"line":28,"column":0},"end":{"line":28,"column":0}}}}
,"no-map/getContactDataTableList": {"fnMap":{},"branchMap":{},"path":"no-map/getContactDataTableList","f":{},"b":{},"s":{"52":0,"53":1,"54":1,"55":1,"56":1,"57":1,"58":1,"59":1},"statementMap":{"52":{"start":{"line":52,"column":0},"end":{"line":52,"column":0}},"53":{"start":{"line":53,"column":0},"end":{"line":53,"column":0}},"54":{"start":{"line":54,"column":0},"end":{"line":54,"column":0}},"55":{"start":{"line":55,"column":0},"end":{"line":55,"column":0}},"56":{"start":{"line":56,"column":0},"end":{"line":56,"column":0}},"57":{"start":{"line":57,"column":0},"end":{"line":57,"column":0}},"58":{"start":{"line":58,"column":0},"end":{"line":58,"column":0}},"59":{"start":{"line":59,"column":0},"end":{"line":59,"column":0}}}}
}
