{"no-map/StringManipulator": {"fnMap":{},"branchMap":{},"path":"no-map/StringManipulator","f":{},"b":{},"s":{"23":0,"24":1,"25":1,"26":1,"27":1,"28":1,"29":1,"30":1,"31":1,"32":1,"33":1,"34":1,"35":0,"36":0,"37":0,"38":1,"39":0,"40":0,"41":1,"42":0,"43":1,"44":1,"45":1,"46":1,"47":1,"48":1},"statementMap":{"23":{"start":{"line":23,"column":0},"end":{"line":23,"column":0}},"24":{"start":{"line":24,"column":0},"end":{"line":24,"column":0}},"25":{"start":{"line":25,"column":0},"end":{"line":25,"column":0}},"26":{"start":{"line":26,"column":0},"end":{"line":26,"column":0}},"27":{"start":{"line":27,"column":0},"end":{"line":27,"column":0}},"28":{"start":{"line":28,"column":0},"end":{"line":28,"column":0}},"29":{"start":{"line":29,"column":0},"end":{"line":29,"column":0}},"30":{"start":{"line":30,"column":0},"end":{"line":30,"column":0}},"31":{"start":{"line":31,"column":0},"end":{"line":31,"column":0}},"32":{"start":{"line":32,"column":0},"end":{"line":32,"column":0}},"33":{"start":{"line":33,"column":0},"end":{"line":33,"column":0}},"34":{"start":{"line":34,"column":0},"end":{"line":34,"column":0}},"35":{"start":{"line":35,"column":0},"end":{"line":35,"column":0}},"36":{"start":{"line":36,"column":0},"end":{"line":36,"column":0}},"37":{"start":{"line":37,"column":0},"end":{"line":37,"column":0}},"38":{"start":{"line":38,"column":0},"end":{"line":38,"column":0}},"39":{"start":{"line":39,"column":0},"end":{"line":39,"column":0}},"40":{"start":{"line":40,"column":0},"end":{"line":40,"column":0}},"41":{"start":{"line":41,"column":0},"end":{"line":41,"column":0}},"42":{"start":{"line":42,"column":0},"end":{"line":42,"column":0}},"43":{"start":{"line":43,"column":0},"end":{"line":43,"column":0}},"44":{"start":{"line":44,"column":0},"end":{"line":44,"column":0}},"45":{"start":{"line":45,"column":0},"end":{"line":45,"column":0}},"46":{"start":{"line":46,"column":0},"end":{"line":46,"column":0}},"47":{"start":{"line":47,"column":0},"end":{"line":47,"column":0}},"48":{"start":{"line":48,"column":0},"end":{"line":48,"column":0}}}}
}
